2026-01-27 19:10:07,299 - AutonomousResearchSystem - INFO - Autonomous Research System initialized
2026-01-27 19:10:07,299 - AutonomousResearchSystem - INFO - Starting autonomous research on topic: Use of Graph Neural Networks in Drug Discovery
2026-01-27 19:10:07,300 - AutonomousResearchSystem - INFO - Stage 1: Topic Expansion
2026-01-27 19:10:07,300 - agent.TopicExpansionAgent - INFO - Agent operation: {'agent': 'TopicExpansionAgent', 'operation': 'topic_expansion_start', 'details': {'topic': 'Use of Graph Neural Networks in Drug Discovery'}}
2026-01-27 19:10:07,302 - agent.TopicExpansionAgent - INFO - Agent operation: {'agent': 'TopicExpansionAgent', 'operation': 'topic_expansion_complete', 'details': {'subtopics_count': 10, 'methods_count': 4, 'keywords_count': 17}}
2026-01-27 19:10:07,302 - AutonomousResearchSystem - INFO - Stage 2: Paper Discovery
2026-01-27 19:10:07,303 - agent.PaperDiscoveryAgent - INFO - Agent operation: {'agent': 'PaperDiscoveryAgent', 'operation': 'paper_discovery_start', 'details': {'main_topic': 'Use of Graph Neural Networks in Drug Discovery', 'keywords_count': 17}}
2026-01-27 19:10:08,181 - agent.PaperDiscoveryAgent - INFO - Agent operation: {'agent': 'PaperDiscoveryAgent', 'operation': 'paper_discovery_complete', 'details': {'total_papers': 3, 'arxiv_papers': 0, 'semantic_papers': 3}}
2026-01-27 19:10:08,182 - AutonomousResearchSystem - INFO - Stage 3: Claim Extraction
2026-01-27 19:10:08,182 - agent.ClaimExtractionAgent - INFO - Agent operation: {'agent': 'ClaimExtractionAgent', 'operation': 'claim_extraction_start', 'details': {'paper_count': 3}}
2026-01-27 19:10:08,188 - agent.ClaimExtractionAgent - INFO - Agent operation: {'agent': 'ClaimExtractionAgent', 'operation': 'claim_extraction_complete', 'details': {'total_claims': 1, 'papers_processed': 3}}
2026-01-27 19:10:08,189 - AutonomousResearchSystem - INFO - Stage 4: Claim Normalization & Verification
2026-01-27 19:10:08,189 - agent.ClaimNormalizationAgent - INFO - Agent operation: {'agent': 'ClaimNormalizationAgent', 'operation': 'claim_normalization_start', 'details': {'claim_count': 1}}
2026-01-27 19:10:08,195 - agent.ClaimNormalizationAgent - WARNING - Failed to normalize claim graph_attention_networks_2018_abstract_78_1769521208.18648: "Claim" object has no field "metadata"
2026-01-27 19:10:08,197 - agent.ClaimNormalizationAgent - INFO - Agent operation: {'agent': 'ClaimNormalizationAgent', 'operation': 'claim_normalization_complete', 'details': {'normalized_count': 1, 'avg_confidence': 0.3}}
2026-01-27 19:10:08,197 - AutonomousResearchSystem - INFO - Stage 5: Contradiction Detection
2026-01-27 19:10:08,197 - agent.ContradictionDetectionAgent - INFO - Agent operation: {'agent': 'ContradictionDetectionAgent', 'operation': 'contradiction_detection_start', 'details': {'claim_count': 1}}
2026-01-27 19:10:08,198 - agent.ContradictionDetectionAgent - INFO - Agent operation: {'agent': 'ContradictionDetectionAgent', 'operation': 'contradiction_detection_complete', 'details': {'contradictions_found': 0, 'pairs_analyzed': 0}}
2026-01-27 19:10:08,199 - AutonomousResearchSystem - INFO - Stage 6: Research Gap Detection
2026-01-27 19:10:08,199 - agent.ResearchGapDetectionAgent - INFO - Agent operation: {'agent': 'ResearchGapDetectionAgent', 'operation': 'research_gap_detection_start', 'details': {'subtopics': 10, 'claims': 1}}
2026-01-27 19:10:08,201 - agent.ResearchGapDetectionAgent - INFO - Agent operation: {'agent': 'ResearchGapDetectionAgent', 'operation': 'research_gap_detection_complete', 'details': {'total_gaps': 37, 'coverage_gaps': 14, 'methodological_gaps': 6, 'dataset_gaps': 11}}
2026-01-27 19:10:08,201 - AutonomousResearchSystem - INFO - Stage 7: Citation Building
2026-01-27 19:10:08,202 - agent.CitationBuilderAgent - INFO - Agent operation: {'agent': 'CitationBuilderAgent', 'operation': 'citation_building_start', 'details': {'paper_count': 3}}
2026-01-27 19:10:08,203 - agent.CitationBuilderAgent - INFO - Agent operation: {'agent': 'CitationBuilderAgent', 'operation': 'citation_building_complete', 'details': {'citations_generated': 3}}
2026-01-27 19:10:08,204 - AutonomousResearchSystem - INFO - Stage 8: Storing in Long-term Memory
2026-01-27 19:10:08,207 - AutonomousResearchSystem - INFO - Research results stored in long-term memory
2026-01-27 19:10:08,208 - AutonomousResearchSystem - INFO - Research completed in 0.91 seconds
2026-01-27 19:10:34,162 - AutonomousResearchSystem - INFO - Autonomous Research System initialized
2026-01-27 19:10:34,163 - AutonomousResearchSystem - INFO - Starting autonomous research on topic: Use of Graph Neural Networks in Drug Discovery
2026-01-27 19:10:34,164 - AutonomousResearchSystem - INFO - Stage 1: Topic Expansion
2026-01-27 19:10:34,164 - agent.TopicExpansionAgent - INFO - Agent operation: {'agent': 'TopicExpansionAgent', 'operation': 'topic_expansion_start', 'details': {'topic': 'Use of Graph Neural Networks in Drug Discovery'}}
2026-01-27 19:10:34,165 - agent.TopicExpansionAgent - INFO - Agent operation: {'agent': 'TopicExpansionAgent', 'operation': 'topic_expansion_complete', 'details': {'subtopics_count': 10, 'methods_count': 4, 'keywords_count': 17}}
2026-01-27 19:10:34,166 - AutonomousResearchSystem - INFO - Stage 2: Paper Discovery
2026-01-27 19:10:34,166 - agent.PaperDiscoveryAgent - INFO - Agent operation: {'agent': 'PaperDiscoveryAgent', 'operation': 'paper_discovery_start', 'details': {'main_topic': 'Use of Graph Neural Networks in Drug Discovery', 'keywords_count': 17}}
2026-01-27 19:10:34,686 - agent.PaperDiscoveryAgent - INFO - Agent operation: {'agent': 'PaperDiscoveryAgent', 'operation': 'paper_discovery_complete', 'details': {'total_papers': 3, 'arxiv_papers': 0, 'semantic_papers': 3}}
2026-01-27 19:10:34,686 - AutonomousResearchSystem - INFO - Stage 3: Claim Extraction
2026-01-27 19:10:34,687 - agent.ClaimExtractionAgent - INFO - Agent operation: {'agent': 'ClaimExtractionAgent', 'operation': 'claim_extraction_start', 'details': {'paper_count': 3}}
2026-01-27 19:10:34,693 - agent.ClaimExtractionAgent - INFO - Agent operation: {'agent': 'ClaimExtractionAgent', 'operation': 'claim_extraction_complete', 'details': {'total_claims': 1, 'papers_processed': 3}}
2026-01-27 19:10:34,693 - AutonomousResearchSystem - INFO - Stage 4: Claim Normalization & Verification
2026-01-27 19:10:34,694 - agent.ClaimNormalizationAgent - INFO - Agent operation: {'agent': 'ClaimNormalizationAgent', 'operation': 'claim_normalization_start', 'details': {'claim_count': 1}}
2026-01-27 19:10:34,698 - agent.ClaimNormalizationAgent - INFO - Agent operation: {'agent': 'ClaimNormalizationAgent', 'operation': 'claim_normalization_complete', 'details': {'normalized_count': 1, 'avg_confidence': 0.6}}
2026-01-27 19:10:34,698 - AutonomousResearchSystem - INFO - Stage 5: Contradiction Detection
2026-01-27 19:10:34,698 - agent.ContradictionDetectionAgent - INFO - Agent operation: {'agent': 'ContradictionDetectionAgent', 'operation': 'contradiction_detection_start', 'details': {'claim_count': 1}}
2026-01-27 19:10:34,699 - agent.ContradictionDetectionAgent - INFO - Agent operation: {'agent': 'ContradictionDetectionAgent', 'operation': 'contradiction_detection_complete', 'details': {'contradictions_found': 0, 'pairs_analyzed': 0}}
2026-01-27 19:10:34,700 - AutonomousResearchSystem - INFO - Stage 6: Research Gap Detection
2026-01-27 19:10:34,700 - agent.ResearchGapDetectionAgent - INFO - Agent operation: {'agent': 'ResearchGapDetectionAgent', 'operation': 'research_gap_detection_start', 'details': {'subtopics': 10, 'claims': 1}}
2026-01-27 19:10:34,702 - agent.ResearchGapDetectionAgent - INFO - Agent operation: {'agent': 'ResearchGapDetectionAgent', 'operation': 'research_gap_detection_complete', 'details': {'total_gaps': 37, 'coverage_gaps': 14, 'methodological_gaps': 6, 'dataset_gaps': 11}}
2026-01-27 19:10:34,702 - AutonomousResearchSystem - INFO - Stage 7: Citation Building
2026-01-27 19:10:34,703 - agent.CitationBuilderAgent - INFO - Agent operation: {'agent': 'CitationBuilderAgent', 'operation': 'citation_building_start', 'details': {'paper_count': 3}}
2026-01-27 19:10:34,704 - agent.CitationBuilderAgent - INFO - Agent operation: {'agent': 'CitationBuilderAgent', 'operation': 'citation_building_complete', 'details': {'citations_generated': 3}}
2026-01-27 19:10:34,704 - AutonomousResearchSystem - INFO - Stage 8: Storing in Long-term Memory
2026-01-27 19:10:34,707 - AutonomousResearchSystem - INFO - Research results stored in long-term memory
2026-01-27 19:10:34,720 - AutonomousResearchSystem - INFO - Research completed in 0.56 seconds
2026-01-27 19:14:47,903 - AutonomousResearchSystem - INFO - Autonomous Research System initialized
2026-01-27 19:14:47,903 - AutonomousResearchSystem - INFO - Starting autonomous research on topic: Use of Graph Neural Networks in Drug Discovery
2026-01-27 19:14:47,904 - AutonomousResearchSystem - INFO - Stage 1: Topic Expansion
2026-01-27 19:14:47,904 - agent.TopicExpansionAgent - INFO - Agent operation: {'agent': 'TopicExpansionAgent', 'operation': 'topic_expansion_start', 'details': {'topic': 'Use of Graph Neural Networks in Drug Discovery'}}
2026-01-27 19:14:47,905 - agent.TopicExpansionAgent - INFO - Agent operation: {'agent': 'TopicExpansionAgent', 'operation': 'topic_expansion_complete', 'details': {'subtopics_count': 10, 'methods_count': 4, 'keywords_count': 17}}
2026-01-27 19:14:47,905 - AutonomousResearchSystem - INFO - Stage 2: Paper Discovery
2026-01-27 19:14:47,906 - agent.PaperDiscoveryAgent - INFO - Agent operation: {'agent': 'PaperDiscoveryAgent', 'operation': 'paper_discovery_start', 'details': {'main_topic': 'Use of Graph Neural Networks in Drug Discovery', 'keywords_count': 17}}
2026-01-27 19:14:48,539 - agent.PaperDiscoveryAgent - INFO - Agent operation: {'agent': 'PaperDiscoveryAgent', 'operation': 'paper_discovery_complete', 'details': {'total_papers': 3, 'arxiv_papers': 0, 'semantic_papers': 3}}
2026-01-27 19:14:48,540 - AutonomousResearchSystem - INFO - Stage 3: Claim Extraction
2026-01-27 19:14:48,540 - agent.ClaimExtractionAgent - INFO - Agent operation: {'agent': 'ClaimExtractionAgent', 'operation': 'claim_extraction_start', 'details': {'paper_count': 3}}
2026-01-27 19:14:48,548 - agent.ClaimExtractionAgent - INFO - Agent operation: {'agent': 'ClaimExtractionAgent', 'operation': 'claim_extraction_complete', 'details': {'total_claims': 1, 'papers_processed': 3}}
2026-01-27 19:14:48,548 - AutonomousResearchSystem - INFO - Stage 4: Claim Normalization & Verification
2026-01-27 19:14:48,549 - agent.ClaimNormalizationAgent - INFO - Agent operation: {'agent': 'ClaimNormalizationAgent', 'operation': 'claim_normalization_start', 'details': {'claim_count': 1}}
2026-01-27 19:14:48,556 - agent.ClaimNormalizationAgent - INFO - Agent operation: {'agent': 'ClaimNormalizationAgent', 'operation': 'claim_normalization_complete', 'details': {'normalized_count': 1, 'avg_confidence': 0.6}}
2026-01-27 19:14:48,558 - AutonomousResearchSystem - INFO - Stage 5: Contradiction Detection
2026-01-27 19:14:48,559 - agent.ContradictionDetectionAgent - INFO - Agent operation: {'agent': 'ContradictionDetectionAgent', 'operation': 'contradiction_detection_start', 'details': {'claim_count': 1}}
2026-01-27 19:14:48,560 - agent.ContradictionDetectionAgent - INFO - Agent operation: {'agent': 'ContradictionDetectionAgent', 'operation': 'contradiction_detection_complete', 'details': {'contradictions_found': 0, 'pairs_analyzed': 0}}
2026-01-27 19:14:48,560 - AutonomousResearchSystem - INFO - Stage 6: Research Gap Detection
2026-01-27 19:14:48,560 - agent.ResearchGapDetectionAgent - INFO - Agent operation: {'agent': 'ResearchGapDetectionAgent', 'operation': 'research_gap_detection_start', 'details': {'subtopics': 10, 'claims': 1}}
2026-01-27 19:14:48,562 - agent.ResearchGapDetectionAgent - INFO - Agent operation: {'agent': 'ResearchGapDetectionAgent', 'operation': 'research_gap_detection_complete', 'details': {'total_gaps': 37, 'coverage_gaps': 14, 'methodological_gaps': 6, 'dataset_gaps': 11}}
2026-01-27 19:14:48,562 - AutonomousResearchSystem - INFO - Stage 7: Citation Building
2026-01-27 19:14:48,563 - agent.CitationBuilderAgent - INFO - Agent operation: {'agent': 'CitationBuilderAgent', 'operation': 'citation_building_start', 'details': {'paper_count': 3}}
2026-01-27 19:14:48,564 - agent.CitationBuilderAgent - INFO - Agent operation: {'agent': 'CitationBuilderAgent', 'operation': 'citation_building_complete', 'details': {'citations_generated': 3}}
2026-01-27 19:14:48,568 - AutonomousResearchSystem - INFO - Stage 8: Storing in Long-term Memory
2026-01-27 19:14:48,571 - AutonomousResearchSystem - INFO - Research results stored in long-term memory
2026-01-27 19:14:48,571 - AutonomousResearchSystem - INFO - Research completed in 0.67 seconds
2026-01-27 19:32:41,616 - AutonomousResearchSystem - INFO - Autonomous Research System initialized
2026-01-27 19:32:41,619 - werkzeug - INFO - 127.0.0.1 - - [27/Jan/2026 19:32:41] "GET /test HTTP/1.1" 200 -
2026-01-27 19:32:43,689 - AutonomousResearchSystem - INFO - Starting autonomous research on topic: Machine Learning for Climate Prediction
2026-01-27 19:32:43,690 - AutonomousResearchSystem - INFO - Stage 1: Topic Expansion
2026-01-27 19:32:43,690 - agent.TopicExpansionAgent - INFO - Agent operation: {'agent': 'TopicExpansionAgent', 'operation': 'topic_expansion_start', 'details': {'topic': 'Machine Learning for Climate Prediction'}}
2026-01-27 19:32:43,692 - agent.TopicExpansionAgent - INFO - Agent operation: {'agent': 'TopicExpansionAgent', 'operation': 'topic_expansion_complete', 'details': {'subtopics_count': 2, 'methods_count': 2, 'keywords_count': 10}}
2026-01-27 19:32:43,692 - AutonomousResearchSystem - INFO - Stage 2: Paper Discovery
2026-01-27 19:32:43,693 - agent.PaperDiscoveryAgent - INFO - Agent operation: {'agent': 'PaperDiscoveryAgent', 'operation': 'paper_discovery_start', 'details': {'main_topic': 'Machine Learning for Climate Prediction', 'keywords_count': 10}}
2026-01-27 19:32:44,290 - agent.PaperDiscoveryAgent - INFO - Agent operation: {'agent': 'PaperDiscoveryAgent', 'operation': 'paper_discovery_complete', 'details': {'total_papers': 0, 'arxiv_papers': 0, 'semantic_papers': 0}}
2026-01-27 19:32:44,291 - AutonomousResearchSystem - INFO - Stage 3: Claim Extraction
2026-01-27 19:32:44,291 - agent.ClaimExtractionAgent - INFO - Agent operation: {'agent': 'ClaimExtractionAgent', 'operation': 'claim_extraction_start', 'details': {'paper_count': 0}}
2026-01-27 19:32:44,292 - agent.ClaimExtractionAgent - INFO - Agent operation: {'agent': 'ClaimExtractionAgent', 'operation': 'claim_extraction_complete', 'details': {'total_claims': 0, 'papers_processed': 0}}
2026-01-27 19:32:44,293 - AutonomousResearchSystem - INFO - Stage 4: Claim Normalization & Verification
2026-01-27 19:32:44,293 - agent.ClaimNormalizationAgent - INFO - Agent operation: {'agent': 'ClaimNormalizationAgent', 'operation': 'claim_normalization_start', 'details': {'claim_count': 0}}
2026-01-27 19:32:44,294 - agent.ClaimNormalizationAgent - INFO - Agent operation: {'agent': 'ClaimNormalizationAgent', 'operation': 'claim_normalization_complete', 'details': {'normalized_count': 0, 'avg_confidence': 0}}
2026-01-27 19:32:44,294 - AutonomousResearchSystem - INFO - Stage 5: Contradiction Detection
2026-01-27 19:32:44,294 - agent.ContradictionDetectionAgent - INFO - Agent operation: {'agent': 'ContradictionDetectionAgent', 'operation': 'contradiction_detection_start', 'details': {'claim_count': 0}}
2026-01-27 19:32:44,296 - agent.ContradictionDetectionAgent - INFO - Agent operation: {'agent': 'ContradictionDetectionAgent', 'operation': 'contradiction_detection_complete', 'details': {'contradictions_found': 0, 'pairs_analyzed': 0}}
2026-01-27 19:32:44,296 - AutonomousResearchSystem - INFO - Stage 6: Research Gap Detection
2026-01-27 19:32:44,296 - agent.ResearchGapDetectionAgent - INFO - Agent operation: {'agent': 'ResearchGapDetectionAgent', 'operation': 'research_gap_detection_start', 'details': {'subtopics': 2, 'claims': 0}}
2026-01-27 19:32:44,298 - agent.ResearchGapDetectionAgent - INFO - Agent operation: {'agent': 'ResearchGapDetectionAgent', 'operation': 'research_gap_detection_complete', 'details': {'total_gaps': 16, 'coverage_gaps': 4, 'methodological_gaps': 6, 'dataset_gaps': 0}}
2026-01-27 19:32:44,298 - AutonomousResearchSystem - INFO - Stage 7: Citation Building
2026-01-27 19:32:44,298 - agent.CitationBuilderAgent - INFO - Agent operation: {'agent': 'CitationBuilderAgent', 'operation': 'citation_building_start', 'details': {'paper_count': 0}}
2026-01-27 19:32:44,299 - agent.CitationBuilderAgent - INFO - Agent operation: {'agent': 'CitationBuilderAgent', 'operation': 'citation_building_complete', 'details': {'citations_generated': 0}}
2026-01-27 19:32:44,300 - AutonomousResearchSystem - INFO - Stage 8: Storing in Long-term Memory
2026-01-27 19:32:44,302 - AutonomousResearchSystem - INFO - Research results stored in long-term memory
2026-01-27 19:32:44,302 - AutonomousResearchSystem - INFO - Research completed in 0.61 seconds
2026-01-27 19:32:44,305 - werkzeug - INFO - 127.0.0.1 - - [27/Jan/2026 19:32:44] "POST /research HTTP/1.1" 200 -
2026-01-27 19:32:46,421 - werkzeug - INFO - 127.0.0.1 - - [27/Jan/2026 19:32:46] "GET /download/research_20260127_193244.json HTTP/1.1" 200 -
2026-01-27 19:32:48,485 - werkzeug - INFO - 127.0.0.1 - - [27/Jan/2026 19:32:48] "GET /history HTTP/1.1" 200 -
2026-01-27 19:33:20,051 - werkzeug - INFO - 127.0.0.1 - - [27/Jan/2026 19:33:20] "GET / HTTP/1.1" 200 -
2026-01-27 19:33:27,629 - AutonomousResearchSystem - INFO - Starting autonomous research on topic: wiener index
2026-01-27 19:33:27,631 - AutonomousResearchSystem - INFO - Stage 1: Topic Expansion
2026-01-27 19:33:27,632 - agent.TopicExpansionAgent - INFO - Agent operation: {'agent': 'TopicExpansionAgent', 'operation': 'topic_expansion_start', 'details': {'topic': 'wiener index'}}
2026-01-27 19:33:27,633 - agent.TopicExpansionAgent - INFO - Agent operation: {'agent': 'TopicExpansionAgent', 'operation': 'topic_expansion_complete', 'details': {'subtopics_count': 0, 'methods_count': 0, 'keywords_count': 2}}
2026-01-27 19:33:27,634 - AutonomousResearchSystem - INFO - Stage 2: Paper Discovery
2026-01-27 19:33:27,635 - agent.PaperDiscoveryAgent - INFO - Agent operation: {'agent': 'PaperDiscoveryAgent', 'operation': 'paper_discovery_start', 'details': {'main_topic': 'wiener index', 'keywords_count': 2}}
2026-01-27 19:33:28,410 - agent.PaperDiscoveryAgent - INFO - Agent operation: {'agent': 'PaperDiscoveryAgent', 'operation': 'paper_discovery_complete', 'details': {'total_papers': 50, 'arxiv_papers': 50, 'semantic_papers': 0}}
2026-01-27 19:33:28,412 - AutonomousResearchSystem - INFO - Stage 3: Claim Extraction
2026-01-27 19:33:28,412 - agent.ClaimExtractionAgent - INFO - Agent operation: {'agent': 'ClaimExtractionAgent', 'operation': 'claim_extraction_start', 'details': {'paper_count': 50}}
2026-01-27 19:33:28,451 - agent.ClaimExtractionAgent - INFO - Agent operation: {'agent': 'ClaimExtractionAgent', 'operation': 'claim_extraction_complete', 'details': {'total_claims': 6, 'papers_processed': 50}}
2026-01-27 19:33:28,452 - AutonomousResearchSystem - INFO - Stage 4: Claim Normalization & Verification
2026-01-27 19:33:28,453 - agent.ClaimNormalizationAgent - INFO - Agent operation: {'agent': 'ClaimNormalizationAgent', 'operation': 'claim_normalization_start', 'details': {'claim_count': 6}}
2026-01-27 19:33:28,464 - agent.ClaimNormalizationAgent - WARNING - Failed to normalize claim arxiv_2103.02307_abstract_112_1769522608.427917: list index out of range
2026-01-27 19:33:28,465 - agent.ClaimNormalizationAgent - WARNING - Failed to normalize claim arxiv_1804.02648_abstract_151_1769522608.432915: list index out of range
2026-01-27 19:33:28,467 - agent.ClaimNormalizationAgent - WARNING - Failed to normalize claim arxiv_1609.00114_abstract_43_1769522608.441719: list index out of range
2026-01-27 19:33:28,468 - agent.ClaimNormalizationAgent - WARNING - Failed to normalize claim arxiv_1606.05950_abstract_288_1769522608.444821: list index out of range
2026-01-27 19:33:28,469 - agent.ClaimNormalizationAgent - WARNING - Failed to normalize claim arxiv_2011.13970_abstract_210_1769522608.448821: list index out of range
2026-01-27 19:33:28,473 - agent.ClaimNormalizationAgent - INFO - Agent operation: {'agent': 'ClaimNormalizationAgent', 'operation': 'claim_normalization_complete', 'details': {'normalized_count': 6, 'avg_confidence': 0.36000000000000004}}
2026-01-27 19:33:28,477 - AutonomousResearchSystem - INFO - Stage 5: Contradiction Detection
2026-01-27 19:33:28,477 - agent.ContradictionDetectionAgent - INFO - Agent operation: {'agent': 'ContradictionDetectionAgent', 'operation': 'contradiction_detection_start', 'details': {'claim_count': 6}}
2026-01-27 19:33:28,480 - agent.ContradictionDetectionAgent - INFO - Agent operation: {'agent': 'ContradictionDetectionAgent', 'operation': 'contradiction_detection_complete', 'details': {'contradictions_found': 0, 'pairs_analyzed': 15}}
2026-01-27 19:33:28,480 - AutonomousResearchSystem - INFO - Stage 6: Research Gap Detection
2026-01-27 19:33:28,480 - agent.ResearchGapDetectionAgent - INFO - Agent operation: {'agent': 'ResearchGapDetectionAgent', 'operation': 'research_gap_detection_start', 'details': {'subtopics': 0, 'claims': 6}}
2026-01-27 19:33:28,483 - agent.ResearchGapDetectionAgent - INFO - Agent operation: {'agent': 'ResearchGapDetectionAgent', 'operation': 'research_gap_detection_complete', 'details': {'total_gaps': 12, 'coverage_gaps': 0, 'methodological_gaps': 6, 'dataset_gaps': 0}}
2026-01-27 19:33:28,483 - AutonomousResearchSystem - INFO - Stage 7: Citation Building
2026-01-27 19:33:28,484 - agent.CitationBuilderAgent - INFO - Agent operation: {'agent': 'CitationBuilderAgent', 'operation': 'citation_building_start', 'details': {'paper_count': 50}}
2026-01-27 19:33:28,493 - agent.CitationBuilderAgent - INFO - Agent operation: {'agent': 'CitationBuilderAgent', 'operation': 'citation_building_complete', 'details': {'citations_generated': 50}}
2026-01-27 19:33:28,494 - AutonomousResearchSystem - INFO - Stage 8: Storing in Long-term Memory
2026-01-27 19:33:28,504 - AutonomousResearchSystem - INFO - Research results stored in long-term memory
2026-01-27 19:33:28,507 - AutonomousResearchSystem - INFO - Research completed in 0.88 seconds
2026-01-27 19:33:28,523 - werkzeug - INFO - 127.0.0.1 - - [27/Jan/2026 19:33:28] "POST /research HTTP/1.1" 200 -
2026-01-27 19:39:56,371 - werkzeug - INFO -  * Detected change in 'C:\\Users\\ASUS\\Documents\\Research\\src\\agents\\enhanced_paper_discovery_agent.py', reloading
2026-01-27 19:46:48,541 - AutonomousResearchSystem - INFO - Autonomous Research System initialized
2026-01-27 19:46:48,542 - AutonomousResearchSystem - INFO - Starting autonomous research on topic: wiener polarity index
2026-01-27 19:46:48,544 - AutonomousResearchSystem - INFO - Stage 1: Topic Expansion
2026-01-27 19:46:48,547 - agent.TopicExpansionAgent - INFO - Agent operation: {'agent': 'TopicExpansionAgent', 'operation': 'topic_expansion_start', 'details': {'topic': 'wiener polarity index'}}
2026-01-27 19:46:48,566 - agent.TopicExpansionAgent - INFO - Agent operation: {'agent': 'TopicExpansionAgent', 'operation': 'topic_expansion_complete', 'details': {'subtopics_count': 0, 'methods_count': 0, 'keywords_count': 3}}
2026-01-27 19:46:48,573 - AutonomousResearchSystem - INFO - Stage 2: Paper Discovery
2026-01-27 19:46:48,606 - agent.EnhancedPaperDiscoveryAgent - INFO - Agent operation: {'agent': 'EnhancedPaperDiscoveryAgent', 'operation': 'enhanced_paper_discovery_start', 'details': {'main_topic': 'wiener polarity index', 'keywords_count': 3, 'enabled_sources': ['arxiv', 'semantic_scholar', 'crossref', 'pubmed']}}
2026-01-27 19:46:49,208 - agent.EnhancedPaperDiscoveryAgent - WARNING - Semantic Scholar API returned 429
2026-01-27 19:46:52,483 - agent.EnhancedPaperDiscoveryAgent - INFO - Agent operation: {'agent': 'EnhancedPaperDiscoveryAgent', 'operation': 'enhanced_paper_discovery_complete', 'details': {'total_papers': 57, 'source_counts': {'arxiv': 7, 'semantic_scholar': 0, 'crossref': 50, 'pubmed': 5}, 'unique_papers': 57}}
2026-01-27 19:46:52,508 - AutonomousResearchSystem - INFO - Stage 3: Claim Extraction
2026-01-27 19:46:52,521 - agent.ClaimExtractionAgent - INFO - Agent operation: {'agent': 'ClaimExtractionAgent', 'operation': 'claim_extraction_start', 'details': {'paper_count': 57}}
2026-01-27 19:46:52,812 - agent.ClaimExtractionAgent - INFO - Agent operation: {'agent': 'ClaimExtractionAgent', 'operation': 'claim_extraction_complete', 'details': {'total_claims': 2, 'papers_processed': 57}}
2026-01-27 19:46:52,813 - AutonomousResearchSystem - INFO - Stage 4: Claim Normalization & Verification
2026-01-27 19:46:52,814 - agent.ClaimNormalizationAgent - INFO - Agent operation: {'agent': 'ClaimNormalizationAgent', 'operation': 'claim_normalization_start', 'details': {'claim_count': 2}}
2026-01-27 19:46:52,824 - agent.ClaimNormalizationAgent - WARNING - Failed to normalize claim arxiv_2007.12930_abstract_263_1769523412.767728: list index out of range
2026-01-27 19:46:52,833 - agent.ClaimNormalizationAgent - INFO - Agent operation: {'agent': 'ClaimNormalizationAgent', 'operation': 'claim_normalization_complete', 'details': {'normalized_count': 2, 'avg_confidence': 0.44999999999999996}}
2026-01-27 19:46:52,834 - AutonomousResearchSystem - INFO - Stage 5: Contradiction Detection
2026-01-27 19:46:52,836 - agent.ContradictionDetectionAgent - INFO - Agent operation: {'agent': 'ContradictionDetectionAgent', 'operation': 'contradiction_detection_start', 'details': {'claim_count': 2}}
2026-01-27 19:46:52,969 - agent.ContradictionDetectionAgent - INFO - Agent operation: {'agent': 'ContradictionDetectionAgent', 'operation': 'contradiction_detection_complete', 'details': {'contradictions_found': 0, 'pairs_analyzed': 1}}
2026-01-27 19:46:52,985 - AutonomousResearchSystem - INFO - Stage 6: Research Gap Detection
2026-01-27 19:46:52,989 - agent.ResearchGapDetectionAgent - INFO - Agent operation: {'agent': 'ResearchGapDetectionAgent', 'operation': 'research_gap_detection_start', 'details': {'subtopics': 0, 'claims': 2}}
2026-01-27 19:46:52,996 - agent.ResearchGapDetectionAgent - INFO - Agent operation: {'agent': 'ResearchGapDetectionAgent', 'operation': 'research_gap_detection_complete', 'details': {'total_gaps': 12, 'coverage_gaps': 0, 'methodological_gaps': 6, 'dataset_gaps': 0}}
2026-01-27 19:46:53,001 - AutonomousResearchSystem - INFO - Stage 7: Citation Building
2026-01-27 19:46:53,003 - agent.CitationBuilderAgent - INFO - Agent operation: {'agent': 'CitationBuilderAgent', 'operation': 'citation_building_start', 'details': {'paper_count': 57}}
2026-01-27 19:46:53,127 - agent.CitationBuilderAgent - INFO - Agent operation: {'agent': 'CitationBuilderAgent', 'operation': 'citation_building_complete', 'details': {'citations_generated': 57}}
2026-01-27 19:46:53,133 - AutonomousResearchSystem - INFO - Stage 8: Storing in Long-term Memory
2026-01-27 19:46:53,149 - AutonomousResearchSystem - INFO - Research results stored in long-term memory
2026-01-27 19:46:53,151 - AutonomousResearchSystem - INFO - Research completed in 4.61 seconds
2026-01-27 19:46:53,287 - werkzeug - INFO - 127.0.0.1 - - [27/Jan/2026 19:46:53] "POST /research HTTP/1.1" 200 -
2026-01-27 20:12:52,520 - AutonomousResearchSystem - INFO - Autonomous Research System initialized
2026-01-27 20:12:52,526 - AutonomousResearchSystem - INFO - Starting autonomous research on topic: biswapped network
2026-01-27 20:12:52,527 - AutonomousResearchSystem - INFO - Stage 1: Topic Expansion
2026-01-27 20:12:52,528 - agent.TopicExpansionAgent - INFO - Agent operation: {'agent': 'TopicExpansionAgent', 'operation': 'topic_expansion_start', 'details': {'topic': 'biswapped network'}}
2026-01-27 20:12:52,530 - agent.TopicExpansionAgent - INFO - Agent operation: {'agent': 'TopicExpansionAgent', 'operation': 'topic_expansion_complete', 'details': {'subtopics_count': 0, 'methods_count': 0, 'keywords_count': 2}}
2026-01-27 20:12:52,531 - AutonomousResearchSystem - INFO - Stage 2: Paper Discovery
2026-01-27 20:12:52,532 - agent.EnhancedPaperDiscoveryAgent - INFO - Agent operation: {'agent': 'EnhancedPaperDiscoveryAgent', 'operation': 'enhanced_paper_discovery_start', 'details': {'main_topic': 'biswapped network', 'keywords_count': 2, 'enabled_sources': ['arxiv', 'semantic_scholar', 'crossref', 'pubmed']}}
2026-01-27 20:12:53,225 - agent.EnhancedPaperDiscoveryAgent - WARNING - Semantic Scholar API returned 429
2026-01-27 20:12:57,241 - agent.EnhancedPaperDiscoveryAgent - INFO - Agent operation: {'agent': 'EnhancedPaperDiscoveryAgent', 'operation': 'enhanced_paper_discovery_complete', 'details': {'total_papers': 44, 'source_counts': {'arxiv': 0, 'semantic_scholar': 0, 'crossref': 50, 'pubmed': 1}, 'unique_papers': 44}}
2026-01-27 20:12:57,244 - AutonomousResearchSystem - INFO - Stage 3: Claim Extraction
2026-01-27 20:12:57,244 - agent.ClaimExtractionAgent - INFO - Agent operation: {'agent': 'ClaimExtractionAgent', 'operation': 'claim_extraction_start', 'details': {'paper_count': 44}}
2026-01-27 20:12:57,264 - agent.ClaimExtractionAgent - INFO - Agent operation: {'agent': 'ClaimExtractionAgent', 'operation': 'claim_extraction_complete', 'details': {'total_claims': 1, 'papers_processed': 44}}
2026-01-27 20:12:57,266 - AutonomousResearchSystem - INFO - Stage 4: Claim Normalization & Verification
2026-01-27 20:12:57,266 - agent.ClaimNormalizationAgent - INFO - Agent operation: {'agent': 'ClaimNormalizationAgent', 'operation': 'claim_normalization_start', 'details': {'claim_count': 1}}
2026-01-27 20:12:57,274 - agent.ClaimNormalizationAgent - WARNING - Failed to normalize claim 10_5815_ijcnis_2022_01_06_abstract_187_1769524977.259663: list index out of range
2026-01-27 20:12:57,277 - agent.ClaimNormalizationAgent - INFO - Agent operation: {'agent': 'ClaimNormalizationAgent', 'operation': 'claim_normalization_complete', 'details': {'normalized_count': 1, 'avg_confidence': 0.3}}
2026-01-27 20:12:57,277 - AutonomousResearchSystem - INFO - Stage 5: Contradiction Detection
2026-01-27 20:12:57,278 - agent.ContradictionDetectionAgent - INFO - Agent operation: {'agent': 'ContradictionDetectionAgent', 'operation': 'contradiction_detection_start', 'details': {'claim_count': 1}}
2026-01-27 20:12:57,280 - agent.ContradictionDetectionAgent - INFO - Agent operation: {'agent': 'ContradictionDetectionAgent', 'operation': 'contradiction_detection_complete', 'details': {'contradictions_found': 0, 'pairs_analyzed': 0}}
2026-01-27 20:12:57,281 - AutonomousResearchSystem - INFO - Stage 6: Research Gap Detection
2026-01-27 20:12:57,282 - agent.ResearchGapDetectionAgent - INFO - Agent operation: {'agent': 'ResearchGapDetectionAgent', 'operation': 'research_gap_detection_start', 'details': {'subtopics': 0, 'claims': 1}}
2026-01-27 20:12:57,284 - agent.ResearchGapDetectionAgent - INFO - Agent operation: {'agent': 'ResearchGapDetectionAgent', 'operation': 'research_gap_detection_complete', 'details': {'total_gaps': 12, 'coverage_gaps': 0, 'methodological_gaps': 6, 'dataset_gaps': 0}}
2026-01-27 20:12:57,285 - AutonomousResearchSystem - INFO - Stage 7: Citation Building
2026-01-27 20:12:57,286 - agent.CitationBuilderAgent - INFO - Agent operation: {'agent': 'CitationBuilderAgent', 'operation': 'citation_building_start', 'details': {'paper_count': 44}}
2026-01-27 20:12:57,293 - agent.CitationBuilderAgent - INFO - Agent operation: {'agent': 'CitationBuilderAgent', 'operation': 'citation_building_complete', 'details': {'citations_generated': 44}}
2026-01-27 20:12:57,294 - AutonomousResearchSystem - INFO - Stage 8: Storing in Long-term Memory
2026-01-27 20:12:57,302 - AutonomousResearchSystem - INFO - Research results stored in long-term memory
2026-01-27 20:12:57,303 - AutonomousResearchSystem - INFO - Research completed in 4.78 seconds
2026-01-27 20:12:57,318 - werkzeug - INFO - 127.0.0.1 - - [27/Jan/2026 20:12:57] "POST /research HTTP/1.1" 200 -
2026-01-27 20:13:38,540 - werkzeug - INFO - 127.0.0.1 - - [27/Jan/2026 20:13:38] "GET /citations HTTP/1.1" 200 -
2026-01-27 20:13:46,525 - AutonomousResearchSystem - INFO - Starting autonomous research on topic: biswapped network
2026-01-27 20:13:46,526 - AutonomousResearchSystem - INFO - Stage 1: Topic Expansion
2026-01-27 20:13:46,527 - agent.TopicExpansionAgent - INFO - Agent operation: {'agent': 'TopicExpansionAgent', 'operation': 'topic_expansion_start', 'details': {'topic': 'biswapped network'}}
2026-01-27 20:13:46,535 - agent.TopicExpansionAgent - INFO - Agent operation: {'agent': 'TopicExpansionAgent', 'operation': 'topic_expansion_complete', 'details': {'subtopics_count': 0, 'methods_count': 0, 'keywords_count': 2}}
2026-01-27 20:13:46,536 - AutonomousResearchSystem - INFO - Stage 2: Paper Discovery
2026-01-27 20:13:46,538 - agent.EnhancedPaperDiscoveryAgent - INFO - Agent operation: {'agent': 'EnhancedPaperDiscoveryAgent', 'operation': 'enhanced_paper_discovery_start', 'details': {'main_topic': 'biswapped network', 'keywords_count': 2, 'enabled_sources': ['arxiv', 'semantic_scholar', 'crossref', 'pubmed']}}
2026-01-27 20:13:46,795 - agent.EnhancedPaperDiscoveryAgent - WARNING - Semantic Scholar API returned 429
2026-01-27 20:13:48,238 - agent.EnhancedPaperDiscoveryAgent - INFO - Agent operation: {'agent': 'EnhancedPaperDiscoveryAgent', 'operation': 'enhanced_paper_discovery_complete', 'details': {'total_papers': 42, 'source_counts': {'arxiv': 0, 'semantic_scholar': 0, 'crossref': 50, 'pubmed': 1}, 'unique_papers': 42}}
2026-01-27 20:13:48,241 - AutonomousResearchSystem - INFO - Stage 3: Claim Extraction
2026-01-27 20:13:48,242 - agent.ClaimExtractionAgent - INFO - Agent operation: {'agent': 'ClaimExtractionAgent', 'operation': 'claim_extraction_start', 'details': {'paper_count': 42}}
2026-01-27 20:13:48,255 - agent.ClaimExtractionAgent - INFO - Agent operation: {'agent': 'ClaimExtractionAgent', 'operation': 'claim_extraction_complete', 'details': {'total_claims': 1, 'papers_processed': 42}}
2026-01-27 20:13:48,255 - AutonomousResearchSystem - INFO - Stage 4: Claim Normalization & Verification
2026-01-27 20:13:48,256 - agent.ClaimNormalizationAgent - INFO - Agent operation: {'agent': 'ClaimNormalizationAgent', 'operation': 'claim_normalization_start', 'details': {'claim_count': 1}}
2026-01-27 20:13:48,256 - agent.ClaimNormalizationAgent - WARNING - Failed to normalize claim 10_5815_ijcnis_2022_01_06_abstract_187_1769525028.250248: list index out of range
2026-01-27 20:13:48,259 - agent.ClaimNormalizationAgent - INFO - Agent operation: {'agent': 'ClaimNormalizationAgent', 'operation': 'claim_normalization_complete', 'details': {'normalized_count': 1, 'avg_confidence': 0.3}}
2026-01-27 20:13:48,260 - AutonomousResearchSystem - INFO - Stage 5: Contradiction Detection
2026-01-27 20:13:48,261 - agent.ContradictionDetectionAgent - INFO - Agent operation: {'agent': 'ContradictionDetectionAgent', 'operation': 'contradiction_detection_start', 'details': {'claim_count': 1}}
2026-01-27 20:13:48,265 - agent.ContradictionDetectionAgent - INFO - Agent operation: {'agent': 'ContradictionDetectionAgent', 'operation': 'contradiction_detection_complete', 'details': {'contradictions_found': 0, 'pairs_analyzed': 0}}
2026-01-27 20:13:48,265 - AutonomousResearchSystem - INFO - Stage 6: Research Gap Detection
2026-01-27 20:13:48,267 - agent.ResearchGapDetectionAgent - INFO - Agent operation: {'agent': 'ResearchGapDetectionAgent', 'operation': 'research_gap_detection_start', 'details': {'subtopics': 0, 'claims': 1}}
2026-01-27 20:13:48,270 - agent.ResearchGapDetectionAgent - INFO - Agent operation: {'agent': 'ResearchGapDetectionAgent', 'operation': 'research_gap_detection_complete', 'details': {'total_gaps': 12, 'coverage_gaps': 0, 'methodological_gaps': 6, 'dataset_gaps': 0}}
2026-01-27 20:13:48,271 - AutonomousResearchSystem - INFO - Stage 7: Citation Building
2026-01-27 20:13:48,272 - agent.CitationBuilderAgent - INFO - Agent operation: {'agent': 'CitationBuilderAgent', 'operation': 'citation_building_start', 'details': {'paper_count': 42}}
2026-01-27 20:13:48,277 - agent.CitationBuilderAgent - INFO - Agent operation: {'agent': 'CitationBuilderAgent', 'operation': 'citation_building_complete', 'details': {'citations_generated': 42}}
2026-01-27 20:13:48,278 - AutonomousResearchSystem - INFO - Stage 8: Storing in Long-term Memory
2026-01-27 20:13:48,288 - AutonomousResearchSystem - INFO - Research results stored in long-term memory
2026-01-27 20:13:48,289 - AutonomousResearchSystem - INFO - Research completed in 1.76 seconds
2026-01-27 20:13:48,289 - agent.CustomCitationFormatter - INFO - Agent operation: {'agent': 'CustomCitationFormatter', 'operation': 'custom_citation_start', 'details': {'paper_count': 42}}
2026-01-27 20:13:48,318 - agent.CustomCitationFormatter - INFO - Agent operation: {'agent': 'CustomCitationFormatter', 'operation': 'custom_citation_complete', 'details': {'citations_generated': 42}}
2026-01-27 20:13:48,332 - werkzeug - INFO - 127.0.0.1 - - [27/Jan/2026 20:13:48] "[35m[1mPOST /generate-custom-citations HTTP/1.1[0m" 500 -
2026-01-27 20:17:51,059 - werkzeug - INFO -  * Detected change in 'C:\\Users\\ASUS\\Documents\\Research\\app_fixed.py', reloading
2026-01-27 20:22:18,196 - AutonomousResearchSystem - INFO - Autonomous Research System initialized
2026-01-27 20:22:18,201 - AutonomousResearchSystem - INFO - Starting autonomous research on topic: biswapped network
2026-01-27 20:22:18,210 - AutonomousResearchSystem - INFO - Stage 1: Topic Expansion
2026-01-27 20:22:18,212 - agent.TopicExpansionAgent - INFO - Agent operation: {'agent': 'TopicExpansionAgent', 'operation': 'topic_expansion_start', 'details': {'topic': 'biswapped network'}}
2026-01-27 20:22:18,216 - agent.TopicExpansionAgent - INFO - Agent operation: {'agent': 'TopicExpansionAgent', 'operation': 'topic_expansion_complete', 'details': {'subtopics_count': 0, 'methods_count': 0, 'keywords_count': 2}}
2026-01-27 20:22:18,216 - AutonomousResearchSystem - INFO - Stage 2: Paper Discovery
2026-01-27 20:22:18,224 - agent.EnhancedPaperDiscoveryAgent - INFO - Agent operation: {'agent': 'EnhancedPaperDiscoveryAgent', 'operation': 'enhanced_paper_discovery_start', 'details': {'main_topic': 'biswapped network', 'keywords_count': 2, 'enabled_sources': ['arxiv', 'semantic_scholar', 'crossref', 'pubmed']}}
2026-01-27 20:22:20,760 - werkzeug - INFO -  * Detected change in 'C:\\Users\\ASUS\\Documents\\Research\\test_integrated_citations.py', reloading
2026-01-27 20:22:21,778 - agent.EnhancedPaperDiscoveryAgent - INFO - Agent operation: {'agent': 'EnhancedPaperDiscoveryAgent', 'operation': 'enhanced_paper_discovery_complete', 'details': {'total_papers': 66, 'source_counts': {'arxiv': 0, 'semantic_scholar': 50, 'crossref': 50, 'pubmed': 1}, 'unique_papers': 66}}
2026-01-27 20:22:21,795 - AutonomousResearchSystem - INFO - Stage 3: Claim Extraction
2026-01-27 20:22:21,812 - agent.ClaimExtractionAgent - INFO - Agent operation: {'agent': 'ClaimExtractionAgent', 'operation': 'claim_extraction_start', 'details': {'paper_count': 66}}
2026-01-27 20:22:22,278 - agent.ClaimExtractionAgent - INFO - Agent operation: {'agent': 'ClaimExtractionAgent', 'operation': 'claim_extraction_complete', 'details': {'total_claims': 14, 'papers_processed': 66}}
2026-01-27 20:22:22,285 - AutonomousResearchSystem - INFO - Stage 4: Claim Normalization & Verification
2026-01-27 20:22:22,289 - agent.ClaimNormalizationAgent - INFO - Agent operation: {'agent': 'ClaimNormalizationAgent', 'operation': 'claim_normalization_start', 'details': {'claim_count': 14}}
2026-01-27 20:22:22,422 - agent.ClaimNormalizationAgent - WARNING - Failed to normalize claim 10_1038_s41598-025-29965-5_abstract_258_1769525541.982907: list index out of range
2026-01-27 20:22:22,429 - agent.ClaimNormalizationAgent - WARNING - Failed to normalize claim 10_1109_ACCESS_2024_3409420_abstract_302_1769525541.999903: list index out of range
2026-01-27 20:22:22,434 - agent.ClaimNormalizationAgent - WARNING - Failed to normalize claim 10_1109_ACCESS_2024_3409420_abstract_302_1769525541.999903: list index out of range
2026-01-27 20:22:22,442 - agent.ClaimNormalizationAgent - WARNING - Failed to normalize claim 10_1162_netn_a_00323_abstract_373_1769525542.121755: list index out of range
2026-01-27 20:22:22,446 - agent.ClaimNormalizationAgent - WARNING - Failed to normalize claim 10_1515_chem-2019-0029_abstract_286_1769525542.131656: list index out of range
2026-01-27 20:22:22,448 - agent.ClaimNormalizationAgent - WARNING - Failed to normalize claim 10_1515_chem-2019-0029_abstract_286_1769525542.131656: list index out of range
2026-01-27 20:22:22,449 - agent.ClaimNormalizationAgent - WARNING - Failed to normalize claim 10_1109_TNSE_2021_3059881_abstract_117_1769525542.141664: list index out of range
2026-01-27 20:22:22,541 - agent.ClaimNormalizationAgent - WARNING - Failed to normalize claim 10_1109_MNET_2024_3376419_abstract_198_1769525542.146655: list index out of range
2026-01-27 20:22:22,580 - agent.ClaimNormalizationAgent - WARNING - Failed to normalize claim 10_1109_TNSM_2022_3213370_abstract_112_1769525542.152649: list index out of range
2026-01-27 20:22:22,595 - agent.ClaimNormalizationAgent - WARNING - Failed to normalize claim 10_1109_NOMS54207_2022_9789878_abstract_206_1769525542.246529: list index out of range
2026-01-27 20:22:22,599 - agent.ClaimNormalizationAgent - WARNING - Failed to normalize claim 10_1109_NOMS54207_2022_9789878_abstract_206_1769525542.246529: list index out of range
2026-01-27 20:22:22,600 - agent.ClaimNormalizationAgent - WARNING - Failed to normalize claim 10_1109_NOMS54207_2022_9789878_abstract_291_1769525542.246529: list index out of range
2026-01-27 20:22:22,701 - agent.ClaimNormalizationAgent - WARNING - Failed to normalize claim 10_5815_ijcnis_2022_01_06_abstract_187_1769525542.261643: list index out of range
2026-01-27 20:22:22,721 - agent.ClaimNormalizationAgent - INFO - Agent operation: {'agent': 'ClaimNormalizationAgent', 'operation': 'claim_normalization_complete', 'details': {'normalized_count': 14, 'avg_confidence': 0.32142857142857134}}
2026-01-27 20:22:22,727 - AutonomousResearchSystem - INFO - Stage 5: Contradiction Detection
2026-01-27 20:22:22,729 - agent.ContradictionDetectionAgent - INFO - Agent operation: {'agent': 'ContradictionDetectionAgent', 'operation': 'contradiction_detection_start', 'details': {'claim_count': 14}}
2026-01-27 20:22:22,747 - agent.ContradictionDetectionAgent - INFO - Agent operation: {'agent': 'ContradictionDetectionAgent', 'operation': 'contradiction_detection_complete', 'details': {'contradictions_found': 0, 'pairs_analyzed': 91}}
2026-01-27 20:22:22,749 - AutonomousResearchSystem - INFO - Stage 6: Research Gap Detection
2026-01-27 20:22:22,749 - agent.ResearchGapDetectionAgent - INFO - Agent operation: {'agent': 'ResearchGapDetectionAgent', 'operation': 'research_gap_detection_start', 'details': {'subtopics': 0, 'claims': 14}}
2026-01-27 20:22:22,850 - agent.ResearchGapDetectionAgent - INFO - Agent operation: {'agent': 'ResearchGapDetectionAgent', 'operation': 'research_gap_detection_complete', 'details': {'total_gaps': 12, 'coverage_gaps': 0, 'methodological_gaps': 6, 'dataset_gaps': 0}}
2026-01-27 20:22:22,857 - AutonomousResearchSystem - INFO - Stage 7: Citation Building
2026-01-27 20:22:22,865 - agent.CitationBuilderAgent - INFO - Agent operation: {'agent': 'CitationBuilderAgent', 'operation': 'citation_building_start', 'details': {'paper_count': 66}}
2026-01-27 20:22:22,897 - agent.CitationBuilderAgent - INFO - Agent operation: {'agent': 'CitationBuilderAgent', 'operation': 'citation_building_complete', 'details': {'citations_generated': 66}}
2026-01-27 20:22:22,898 - AutonomousResearchSystem - INFO - Stage 8: Storing in Long-term Memory
2026-01-27 20:22:22,912 - AutonomousResearchSystem - INFO - Research results stored in long-term memory
2026-01-27 20:22:22,913 - AutonomousResearchSystem - INFO - Research completed in 4.70 seconds
2026-01-27 20:24:39,741 - AutonomousResearchSystem - INFO - Autonomous Research System initialized
2026-01-27 20:24:39,744 - AutonomousResearchSystem - INFO - Starting autonomous research on topic: biswapped network
2026-01-27 20:24:39,750 - AutonomousResearchSystem - INFO - Stage 1: Topic Expansion
2026-01-27 20:24:39,752 - agent.TopicExpansionAgent - INFO - Agent operation: {'agent': 'TopicExpansionAgent', 'operation': 'topic_expansion_start', 'details': {'topic': 'biswapped network'}}
2026-01-27 20:24:39,882 - agent.TopicExpansionAgent - INFO - Agent operation: {'agent': 'TopicExpansionAgent', 'operation': 'topic_expansion_complete', 'details': {'subtopics_count': 0, 'methods_count': 0, 'keywords_count': 2}}
2026-01-27 20:24:39,889 - AutonomousResearchSystem - INFO - Stage 2: Paper Discovery
2026-01-27 20:24:39,890 - agent.EnhancedPaperDiscoveryAgent - INFO - Agent operation: {'agent': 'EnhancedPaperDiscoveryAgent', 'operation': 'enhanced_paper_discovery_start', 'details': {'main_topic': 'biswapped network', 'keywords_count': 2, 'enabled_sources': ['arxiv', 'semantic_scholar', 'crossref', 'pubmed']}}
2026-01-27 20:24:42,183 - agent.EnhancedPaperDiscoveryAgent - INFO - Agent operation: {'agent': 'EnhancedPaperDiscoveryAgent', 'operation': 'enhanced_paper_discovery_complete', 'details': {'total_papers': 67, 'source_counts': {'arxiv': 0, 'semantic_scholar': 50, 'crossref': 50, 'pubmed': 1}, 'unique_papers': 67}}
2026-01-27 20:24:42,187 - AutonomousResearchSystem - INFO - Stage 3: Claim Extraction
2026-01-27 20:24:42,188 - agent.ClaimExtractionAgent - INFO - Agent operation: {'agent': 'ClaimExtractionAgent', 'operation': 'claim_extraction_start', 'details': {'paper_count': 67}}
2026-01-27 20:24:42,488 - agent.ClaimExtractionAgent - INFO - Agent operation: {'agent': 'ClaimExtractionAgent', 'operation': 'claim_extraction_complete', 'details': {'total_claims': 14, 'papers_processed': 67}}
2026-01-27 20:24:42,489 - AutonomousResearchSystem - INFO - Stage 4: Claim Normalization & Verification
2026-01-27 20:24:42,489 - agent.ClaimNormalizationAgent - INFO - Agent operation: {'agent': 'ClaimNormalizationAgent', 'operation': 'claim_normalization_start', 'details': {'claim_count': 14}}
2026-01-27 20:24:42,611 - agent.ClaimNormalizationAgent - WARNING - Failed to normalize claim 10_1038_s41598-025-29965-5_abstract_258_1769525682.300309: list index out of range
2026-01-27 20:24:42,617 - agent.ClaimNormalizationAgent - WARNING - Failed to normalize claim 10_1109_ACCESS_2024_3409420_abstract_302_1769525682.322051: list index out of range
2026-01-27 20:24:42,620 - agent.ClaimNormalizationAgent - WARNING - Failed to normalize claim 10_1109_ACCESS_2024_3409420_abstract_302_1769525682.32305: list index out of range
2026-01-27 20:24:42,623 - agent.ClaimNormalizationAgent - WARNING - Failed to normalize claim 10_1162_netn_a_00323_abstract_373_1769525682.332491: list index out of range
2026-01-27 20:24:42,625 - agent.ClaimNormalizationAgent - WARNING - Failed to normalize claim 10_1515_chem-2019-0029_abstract_286_1769525682.336494: list index out of range
2026-01-27 20:24:42,626 - agent.ClaimNormalizationAgent - WARNING - Failed to normalize claim 10_1515_chem-2019-0029_abstract_286_1769525682.336494: list index out of range
2026-01-27 20:24:42,629 - agent.ClaimNormalizationAgent - WARNING - Failed to normalize claim 10_1109_TNSE_2021_3059881_abstract_117_1769525682.338488: list index out of range
2026-01-27 20:24:42,634 - agent.ClaimNormalizationAgent - WARNING - Failed to normalize claim 10_1109_MNET_2024_3376419_abstract_198_1769525682.453345: list index out of range
2026-01-27 20:24:42,635 - agent.ClaimNormalizationAgent - WARNING - Failed to normalize claim 10_1109_TNSM_2022_3213370_abstract_112_1769525682.470961: list index out of range
2026-01-27 20:24:42,637 - agent.ClaimNormalizationAgent - WARNING - Failed to normalize claim 10_1109_NOMS54207_2022_9789878_abstract_206_1769525682.473963: list index out of range
2026-01-27 20:24:42,638 - agent.ClaimNormalizationAgent - WARNING - Failed to normalize claim 10_1109_NOMS54207_2022_9789878_abstract_206_1769525682.473963: list index out of range
2026-01-27 20:24:42,639 - agent.ClaimNormalizationAgent - WARNING - Failed to normalize claim 10_1109_NOMS54207_2022_9789878_abstract_291_1769525682.473963: list index out of range
2026-01-27 20:24:42,640 - agent.ClaimNormalizationAgent - WARNING - Failed to normalize claim 10_5815_ijcnis_2022_01_06_abstract_187_1769525682.481726: list index out of range
2026-01-27 20:24:42,734 - agent.ClaimNormalizationAgent - INFO - Agent operation: {'agent': 'ClaimNormalizationAgent', 'operation': 'claim_normalization_complete', 'details': {'normalized_count': 14, 'avg_confidence': 0.32142857142857134}}
2026-01-27 20:24:42,755 - AutonomousResearchSystem - INFO - Stage 5: Contradiction Detection
2026-01-27 20:24:42,760 - agent.ContradictionDetectionAgent - INFO - Agent operation: {'agent': 'ContradictionDetectionAgent', 'operation': 'contradiction_detection_start', 'details': {'claim_count': 14}}
2026-01-27 20:24:42,785 - agent.ContradictionDetectionAgent - INFO - Agent operation: {'agent': 'ContradictionDetectionAgent', 'operation': 'contradiction_detection_complete', 'details': {'contradictions_found': 0, 'pairs_analyzed': 91}}
2026-01-27 20:24:42,787 - AutonomousResearchSystem - INFO - Stage 6: Research Gap Detection
2026-01-27 20:24:42,789 - agent.ResearchGapDetectionAgent - INFO - Agent operation: {'agent': 'ResearchGapDetectionAgent', 'operation': 'research_gap_detection_start', 'details': {'subtopics': 0, 'claims': 14}}
2026-01-27 20:24:42,892 - agent.ResearchGapDetectionAgent - INFO - Agent operation: {'agent': 'ResearchGapDetectionAgent', 'operation': 'research_gap_detection_complete', 'details': {'total_gaps': 12, 'coverage_gaps': 0, 'methodological_gaps': 6, 'dataset_gaps': 0}}
2026-01-27 20:24:42,904 - AutonomousResearchSystem - INFO - Stage 7: Citation Building
2026-01-27 20:24:42,908 - agent.CitationBuilderAgent - INFO - Agent operation: {'agent': 'CitationBuilderAgent', 'operation': 'citation_building_start', 'details': {'paper_count': 67}}
2026-01-27 20:24:42,936 - agent.CitationBuilderAgent - INFO - Agent operation: {'agent': 'CitationBuilderAgent', 'operation': 'citation_building_complete', 'details': {'citations_generated': 67}}
2026-01-27 20:24:42,937 - AutonomousResearchSystem - INFO - Stage 8: Storing in Long-term Memory
2026-01-27 20:24:43,247 - AutonomousResearchSystem - INFO - Research results stored in long-term memory
2026-01-27 20:24:43,263 - AutonomousResearchSystem - INFO - Research completed in 3.51 seconds
2026-01-27 20:24:43,703 - werkzeug - INFO - 127.0.0.1 - - [27/Jan/2026 20:24:43] "POST /research HTTP/1.1" 200 -
2026-01-27 20:27:01,277 - AutonomousResearchSystem - INFO - Starting autonomous research on topic: edge metric dimension
2026-01-27 20:27:01,277 - AutonomousResearchSystem - INFO - Stage 1: Topic Expansion
2026-01-27 20:27:01,279 - agent.TopicExpansionAgent - INFO - Agent operation: {'agent': 'TopicExpansionAgent', 'operation': 'topic_expansion_start', 'details': {'topic': 'edge metric dimension'}}
2026-01-27 20:27:01,281 - agent.TopicExpansionAgent - INFO - Agent operation: {'agent': 'TopicExpansionAgent', 'operation': 'topic_expansion_complete', 'details': {'subtopics_count': 0, 'methods_count': 0, 'keywords_count': 3}}
2026-01-27 20:27:01,282 - AutonomousResearchSystem - INFO - Stage 2: Paper Discovery
2026-01-27 20:27:01,283 - agent.EnhancedPaperDiscoveryAgent - INFO - Agent operation: {'agent': 'EnhancedPaperDiscoveryAgent', 'operation': 'enhanced_paper_discovery_start', 'details': {'main_topic': 'edge metric dimension', 'keywords_count': 3, 'enabled_sources': ['arxiv', 'semantic_scholar', 'crossref', 'pubmed']}}
2026-01-27 20:27:01,581 - agent.EnhancedPaperDiscoveryAgent - WARNING - Semantic Scholar API returned 429
2026-01-27 20:27:03,762 - agent.EnhancedPaperDiscoveryAgent - INFO - Agent operation: {'agent': 'EnhancedPaperDiscoveryAgent', 'operation': 'enhanced_paper_discovery_complete', 'details': {'total_papers': 79, 'source_counts': {'arxiv': 26, 'semantic_scholar': 0, 'crossref': 50, 'pubmed': 7}, 'unique_papers': 79}}
2026-01-27 20:27:03,764 - AutonomousResearchSystem - INFO - Stage 3: Claim Extraction
2026-01-27 20:27:03,765 - agent.ClaimExtractionAgent - INFO - Agent operation: {'agent': 'ClaimExtractionAgent', 'operation': 'claim_extraction_start', 'details': {'paper_count': 79}}
2026-01-27 20:27:03,814 - agent.ClaimExtractionAgent - INFO - Agent operation: {'agent': 'ClaimExtractionAgent', 'operation': 'claim_extraction_complete', 'details': {'total_claims': 3, 'papers_processed': 79}}
2026-01-27 20:27:03,815 - AutonomousResearchSystem - INFO - Stage 4: Claim Normalization & Verification
2026-01-27 20:27:03,815 - agent.ClaimNormalizationAgent - INFO - Agent operation: {'agent': 'ClaimNormalizationAgent', 'operation': 'claim_normalization_start', 'details': {'claim_count': 3}}
2026-01-27 20:27:03,816 - agent.ClaimNormalizationAgent - WARNING - Failed to normalize claim 10_47836_mjms_19_2_13_abstract_184_1769525823.796679: list index out of range
2026-01-27 20:27:03,817 - agent.ClaimNormalizationAgent - WARNING - Failed to normalize claim arxiv_2010.10326_abstract_244_1769525823.798771: list index out of range
2026-01-27 20:27:03,817 - agent.ClaimNormalizationAgent - WARNING - Failed to normalize claim arxiv_2102.10916_abstract_106_1769525823.802764: list index out of range
2026-01-27 20:27:03,819 - agent.ClaimNormalizationAgent - INFO - Agent operation: {'agent': 'ClaimNormalizationAgent', 'operation': 'claim_normalization_complete', 'details': {'normalized_count': 3, 'avg_confidence': 0.3}}
2026-01-27 20:27:03,819 - AutonomousResearchSystem - INFO - Stage 5: Contradiction Detection
2026-01-27 20:27:03,819 - agent.ContradictionDetectionAgent - INFO - Agent operation: {'agent': 'ContradictionDetectionAgent', 'operation': 'contradiction_detection_start', 'details': {'claim_count': 3}}
2026-01-27 20:27:03,820 - agent.ContradictionDetectionAgent - INFO - Agent operation: {'agent': 'ContradictionDetectionAgent', 'operation': 'contradiction_detection_complete', 'details': {'contradictions_found': 0, 'pairs_analyzed': 3}}
2026-01-27 20:27:03,821 - AutonomousResearchSystem - INFO - Stage 6: Research Gap Detection
2026-01-27 20:27:03,821 - agent.ResearchGapDetectionAgent - INFO - Agent operation: {'agent': 'ResearchGapDetectionAgent', 'operation': 'research_gap_detection_start', 'details': {'subtopics': 0, 'claims': 3}}
2026-01-27 20:27:03,823 - agent.ResearchGapDetectionAgent - INFO - Agent operation: {'agent': 'ResearchGapDetectionAgent', 'operation': 'research_gap_detection_complete', 'details': {'total_gaps': 12, 'coverage_gaps': 0, 'methodological_gaps': 6, 'dataset_gaps': 0}}
2026-01-27 20:27:03,824 - AutonomousResearchSystem - INFO - Stage 7: Citation Building
2026-01-27 20:27:03,825 - agent.CitationBuilderAgent - INFO - Agent operation: {'agent': 'CitationBuilderAgent', 'operation': 'citation_building_start', 'details': {'paper_count': 79}}
2026-01-27 20:27:03,834 - agent.CitationBuilderAgent - INFO - Agent operation: {'agent': 'CitationBuilderAgent', 'operation': 'citation_building_complete', 'details': {'citations_generated': 79}}
2026-01-27 20:27:03,834 - AutonomousResearchSystem - INFO - Stage 8: Storing in Long-term Memory
2026-01-27 20:27:03,846 - AutonomousResearchSystem - INFO - Research results stored in long-term memory
2026-01-27 20:27:03,847 - AutonomousResearchSystem - INFO - Research completed in 2.57 seconds
2026-01-27 20:27:03,879 - werkzeug - INFO - 127.0.0.1 - - [27/Jan/2026 20:27:03] "POST /research HTTP/1.1" 200 -
2026-01-27 20:28:59,014 - AutonomousResearchSystem - INFO - Starting autonomous research on topic: mixed metric dimension
2026-01-27 20:28:59,014 - AutonomousResearchSystem - INFO - Stage 1: Topic Expansion
2026-01-27 20:28:59,015 - agent.TopicExpansionAgent - INFO - Agent operation: {'agent': 'TopicExpansionAgent', 'operation': 'topic_expansion_start', 'details': {'topic': 'mixed metric dimension'}}
2026-01-27 20:28:59,016 - agent.TopicExpansionAgent - INFO - Agent operation: {'agent': 'TopicExpansionAgent', 'operation': 'topic_expansion_complete', 'details': {'subtopics_count': 0, 'methods_count': 0, 'keywords_count': 3}}
2026-01-27 20:28:59,017 - AutonomousResearchSystem - INFO - Stage 2: Paper Discovery
2026-01-27 20:28:59,018 - agent.EnhancedPaperDiscoveryAgent - INFO - Agent operation: {'agent': 'EnhancedPaperDiscoveryAgent', 'operation': 'enhanced_paper_discovery_start', 'details': {'main_topic': 'mixed metric dimension', 'keywords_count': 3, 'enabled_sources': ['arxiv', 'semantic_scholar', 'crossref', 'pubmed']}}
2026-01-27 20:29:02,190 - agent.EnhancedPaperDiscoveryAgent - INFO - Agent operation: {'agent': 'EnhancedPaperDiscoveryAgent', 'operation': 'enhanced_paper_discovery_complete', 'details': {'total_papers': 82, 'source_counts': {'arxiv': 13, 'semantic_scholar': 50, 'crossref': 50, 'pubmed': 5}, 'unique_papers': 82}}
2026-01-27 20:29:02,192 - AutonomousResearchSystem - INFO - Stage 3: Claim Extraction
2026-01-27 20:29:02,192 - agent.ClaimExtractionAgent - INFO - Agent operation: {'agent': 'ClaimExtractionAgent', 'operation': 'claim_extraction_start', 'details': {'paper_count': 82}}
2026-01-27 20:29:02,234 - agent.ClaimExtractionAgent - INFO - Agent operation: {'agent': 'ClaimExtractionAgent', 'operation': 'claim_extraction_complete', 'details': {'total_claims': 7, 'papers_processed': 82}}
2026-01-27 20:29:02,235 - AutonomousResearchSystem - INFO - Stage 4: Claim Normalization & Verification
2026-01-27 20:29:02,236 - agent.ClaimNormalizationAgent - INFO - Agent operation: {'agent': 'ClaimNormalizationAgent', 'operation': 'claim_normalization_start', 'details': {'claim_count': 7}}
2026-01-27 20:29:02,238 - agent.ClaimNormalizationAgent - WARNING - Failed to normalize claim arxiv_2010.10487_abstract_141_1769525942.204481: list index out of range
2026-01-27 20:29:02,239 - agent.ClaimNormalizationAgent - WARNING - Failed to normalize claim 10_1109_ACCESS_2025_3534819_abstract_159_1769525942.208049: list index out of range
2026-01-27 20:29:02,241 - agent.ClaimNormalizationAgent - WARNING - Failed to normalize claim arxiv_2102.10916_abstract_106_1769525942.211286: list index out of range
2026-01-27 20:29:02,241 - agent.ClaimNormalizationAgent - WARNING - Failed to normalize claim 10_1109_TIT_2025_3645311_abstract_129_1769525942.213284: list index out of range
2026-01-27 20:29:02,242 - agent.ClaimNormalizationAgent - WARNING - Failed to normalize claim 10_1109_TIT_2025_3645311_abstract_108_1769525942.213284: list index out of range
2026-01-27 20:29:02,243 - agent.ClaimNormalizationAgent - WARNING - Failed to normalize claim 10_1109_TIT_2025_3645311_abstract_108_1769525942.213284: list index out of range
2026-01-27 20:29:02,243 - agent.ClaimNormalizationAgent - WARNING - Failed to normalize claim on_mixed_curvature_for_hermitian_2025_abstract_240_1769525942.219962: list index out of range
2026-01-27 20:29:02,246 - agent.ClaimNormalizationAgent - INFO - Agent operation: {'agent': 'ClaimNormalizationAgent', 'operation': 'claim_normalization_complete', 'details': {'normalized_count': 7, 'avg_confidence': 0.3}}
2026-01-27 20:29:02,246 - AutonomousResearchSystem - INFO - Stage 5: Contradiction Detection
2026-01-27 20:29:02,247 - agent.ContradictionDetectionAgent - INFO - Agent operation: {'agent': 'ContradictionDetectionAgent', 'operation': 'contradiction_detection_start', 'details': {'claim_count': 7}}
2026-01-27 20:29:02,249 - agent.ContradictionDetectionAgent - INFO - Agent operation: {'agent': 'ContradictionDetectionAgent', 'operation': 'contradiction_detection_complete', 'details': {'contradictions_found': 0, 'pairs_analyzed': 21}}
2026-01-27 20:29:02,249 - AutonomousResearchSystem - INFO - Stage 6: Research Gap Detection
2026-01-27 20:29:02,250 - agent.ResearchGapDetectionAgent - INFO - Agent operation: {'agent': 'ResearchGapDetectionAgent', 'operation': 'research_gap_detection_start', 'details': {'subtopics': 0, 'claims': 7}}
2026-01-27 20:29:02,252 - agent.ResearchGapDetectionAgent - INFO - Agent operation: {'agent': 'ResearchGapDetectionAgent', 'operation': 'research_gap_detection_complete', 'details': {'total_gaps': 12, 'coverage_gaps': 0, 'methodological_gaps': 6, 'dataset_gaps': 0}}
2026-01-27 20:29:02,253 - AutonomousResearchSystem - INFO - Stage 7: Citation Building
2026-01-27 20:29:02,254 - agent.CitationBuilderAgent - INFO - Agent operation: {'agent': 'CitationBuilderAgent', 'operation': 'citation_building_start', 'details': {'paper_count': 82}}
2026-01-27 20:29:02,262 - agent.CitationBuilderAgent - INFO - Agent operation: {'agent': 'CitationBuilderAgent', 'operation': 'citation_building_complete', 'details': {'citations_generated': 82}}
2026-01-27 20:29:02,263 - AutonomousResearchSystem - INFO - Stage 8: Storing in Long-term Memory
2026-01-27 20:29:02,276 - AutonomousResearchSystem - INFO - Research results stored in long-term memory
2026-01-27 20:29:02,277 - AutonomousResearchSystem - INFO - Research completed in 3.26 seconds
2026-01-27 20:29:02,321 - werkzeug - INFO - 127.0.0.1 - - [27/Jan/2026 20:29:02] "POST /research HTTP/1.1" 200 -
2026-01-27 20:30:58,474 - AutonomousResearchSystem - INFO - Starting autonomous research on topic: edge metric basis
2026-01-27 20:30:58,475 - AutonomousResearchSystem - INFO - Stage 1: Topic Expansion
2026-01-27 20:30:58,475 - agent.TopicExpansionAgent - INFO - Agent operation: {'agent': 'TopicExpansionAgent', 'operation': 'topic_expansion_start', 'details': {'topic': 'edge metric basis'}}
2026-01-27 20:30:58,477 - agent.TopicExpansionAgent - INFO - Agent operation: {'agent': 'TopicExpansionAgent', 'operation': 'topic_expansion_complete', 'details': {'subtopics_count': 0, 'methods_count': 0, 'keywords_count': 3}}
2026-01-27 20:30:58,477 - AutonomousResearchSystem - INFO - Stage 2: Paper Discovery
2026-01-27 20:30:58,478 - agent.EnhancedPaperDiscoveryAgent - INFO - Agent operation: {'agent': 'EnhancedPaperDiscoveryAgent', 'operation': 'enhanced_paper_discovery_start', 'details': {'main_topic': 'edge metric basis', 'keywords_count': 3, 'enabled_sources': ['arxiv', 'semantic_scholar', 'crossref', 'pubmed']}}
2026-01-27 20:30:59,138 - agent.EnhancedPaperDiscoveryAgent - WARNING - Semantic Scholar API returned 429
2026-01-27 20:31:00,239 - agent.EnhancedPaperDiscoveryAgent - INFO - Agent operation: {'agent': 'EnhancedPaperDiscoveryAgent', 'operation': 'enhanced_paper_discovery_complete', 'details': {'total_papers': 47, 'source_counts': {'arxiv': 1, 'semantic_scholar': 0, 'crossref': 50, 'pubmed': 0}, 'unique_papers': 47}}
2026-01-27 20:31:00,242 - AutonomousResearchSystem - INFO - Stage 3: Claim Extraction
2026-01-27 20:31:00,242 - agent.ClaimExtractionAgent - INFO - Agent operation: {'agent': 'ClaimExtractionAgent', 'operation': 'claim_extraction_start', 'details': {'paper_count': 47}}
2026-01-27 20:31:00,260 - agent.ClaimExtractionAgent - INFO - Agent operation: {'agent': 'ClaimExtractionAgent', 'operation': 'claim_extraction_complete', 'details': {'total_claims': 2, 'papers_processed': 47}}
2026-01-27 20:31:00,260 - AutonomousResearchSystem - INFO - Stage 4: Claim Normalization & Verification
2026-01-27 20:31:00,261 - agent.ClaimNormalizationAgent - INFO - Agent operation: {'agent': 'ClaimNormalizationAgent', 'operation': 'claim_normalization_start', 'details': {'claim_count': 2}}
2026-01-27 20:31:00,261 - agent.ClaimNormalizationAgent - WARNING - Failed to normalize claim 10_1007_s10476-024-00006-z_abstract_178_1769526060.248845: list index out of range
2026-01-27 20:31:00,264 - agent.ClaimNormalizationAgent - INFO - Agent operation: {'agent': 'ClaimNormalizationAgent', 'operation': 'claim_normalization_complete', 'details': {'normalized_count': 2, 'avg_confidence': 0.44999999999999996}}
2026-01-27 20:31:00,264 - AutonomousResearchSystem - INFO - Stage 5: Contradiction Detection
2026-01-27 20:31:00,264 - agent.ContradictionDetectionAgent - INFO - Agent operation: {'agent': 'ContradictionDetectionAgent', 'operation': 'contradiction_detection_start', 'details': {'claim_count': 2}}
2026-01-27 20:31:00,267 - agent.ContradictionDetectionAgent - INFO - Agent operation: {'agent': 'ContradictionDetectionAgent', 'operation': 'contradiction_detection_complete', 'details': {'contradictions_found': 0, 'pairs_analyzed': 1}}
2026-01-27 20:31:00,268 - AutonomousResearchSystem - INFO - Stage 6: Research Gap Detection
2026-01-27 20:31:00,268 - agent.ResearchGapDetectionAgent - INFO - Agent operation: {'agent': 'ResearchGapDetectionAgent', 'operation': 'research_gap_detection_start', 'details': {'subtopics': 0, 'claims': 2}}
2026-01-27 20:31:00,270 - agent.ResearchGapDetectionAgent - INFO - Agent operation: {'agent': 'ResearchGapDetectionAgent', 'operation': 'research_gap_detection_complete', 'details': {'total_gaps': 12, 'coverage_gaps': 0, 'methodological_gaps': 6, 'dataset_gaps': 0}}
2026-01-27 20:31:00,271 - AutonomousResearchSystem - INFO - Stage 7: Citation Building
2026-01-27 20:31:00,271 - agent.CitationBuilderAgent - INFO - Agent operation: {'agent': 'CitationBuilderAgent', 'operation': 'citation_building_start', 'details': {'paper_count': 47}}
2026-01-27 20:31:00,278 - agent.CitationBuilderAgent - INFO - Agent operation: {'agent': 'CitationBuilderAgent', 'operation': 'citation_building_complete', 'details': {'citations_generated': 47}}
2026-01-27 20:31:00,278 - AutonomousResearchSystem - INFO - Stage 8: Storing in Long-term Memory
2026-01-27 20:31:00,288 - AutonomousResearchSystem - INFO - Research results stored in long-term memory
2026-01-27 20:31:00,289 - AutonomousResearchSystem - INFO - Research completed in 1.81 seconds
2026-01-27 20:31:00,311 - werkzeug - INFO - 127.0.0.1 - - [27/Jan/2026 20:31:00] "POST /research HTTP/1.1" 200 -
2026-01-27 20:32:45,250 - werkzeug - INFO -  * Detected change in 'C:\\Users\\ASUS\\Documents\\Research\\app_fixed.py', reloading
2026-01-27 20:37:18,019 - AutonomousResearchSystem - INFO - Autonomous Research System initialized
2026-01-27 20:37:18,020 - AutonomousResearchSystem - INFO - Starting autonomous research on topic: edge metric basis
2026-01-27 20:37:18,020 - AutonomousResearchSystem - INFO - Stage 1: Topic Expansion
2026-01-27 20:37:18,020 - agent.TopicExpansionAgent - INFO - Agent operation: {'agent': 'TopicExpansionAgent', 'operation': 'topic_expansion_start', 'details': {'topic': 'edge metric basis'}}
2026-01-27 20:37:18,022 - agent.TopicExpansionAgent - INFO - Agent operation: {'agent': 'TopicExpansionAgent', 'operation': 'topic_expansion_complete', 'details': {'subtopics_count': 0, 'methods_count': 0, 'keywords_count': 3}}
2026-01-27 20:37:18,023 - AutonomousResearchSystem - INFO - Stage 2: Paper Discovery
2026-01-27 20:37:18,024 - agent.EnhancedPaperDiscoveryAgent - INFO - Agent operation: {'agent': 'EnhancedPaperDiscoveryAgent', 'operation': 'enhanced_paper_discovery_start', 'details': {'main_topic': 'edge metric basis', 'keywords_count': 3, 'enabled_sources': ['arxiv', 'semantic_scholar', 'crossref', 'pubmed']}}
2026-01-27 20:37:18,721 - agent.EnhancedPaperDiscoveryAgent - WARNING - Semantic Scholar API returned 429
2026-01-27 20:37:19,880 - agent.EnhancedPaperDiscoveryAgent - INFO - Agent operation: {'agent': 'EnhancedPaperDiscoveryAgent', 'operation': 'enhanced_paper_discovery_complete', 'details': {'total_papers': 47, 'source_counts': {'arxiv': 1, 'semantic_scholar': 0, 'crossref': 50, 'pubmed': 0}, 'unique_papers': 47}}
2026-01-27 20:37:19,882 - AutonomousResearchSystem - INFO - Stage 3: Claim Extraction
2026-01-27 20:37:19,883 - agent.ClaimExtractionAgent - INFO - Agent operation: {'agent': 'ClaimExtractionAgent', 'operation': 'claim_extraction_start', 'details': {'paper_count': 47}}
2026-01-27 20:37:19,907 - agent.ClaimExtractionAgent - INFO - Agent operation: {'agent': 'ClaimExtractionAgent', 'operation': 'claim_extraction_complete', 'details': {'total_claims': 2, 'papers_processed': 47}}
2026-01-27 20:37:19,908 - AutonomousResearchSystem - INFO - Stage 4: Claim Normalization & Verification
2026-01-27 20:37:19,908 - agent.ClaimNormalizationAgent - INFO - Agent operation: {'agent': 'ClaimNormalizationAgent', 'operation': 'claim_normalization_start', 'details': {'claim_count': 2}}
2026-01-27 20:37:19,917 - agent.ClaimNormalizationAgent - WARNING - Failed to normalize claim 10_1007_s10476-024-00006-z_abstract_178_1769526439.893209: list index out of range
2026-01-27 20:37:19,921 - agent.ClaimNormalizationAgent - INFO - Agent operation: {'agent': 'ClaimNormalizationAgent', 'operation': 'claim_normalization_complete', 'details': {'normalized_count': 2, 'avg_confidence': 0.44999999999999996}}
2026-01-27 20:37:19,921 - AutonomousResearchSystem - INFO - Stage 5: Contradiction Detection
2026-01-27 20:37:19,922 - agent.ContradictionDetectionAgent - INFO - Agent operation: {'agent': 'ContradictionDetectionAgent', 'operation': 'contradiction_detection_start', 'details': {'claim_count': 2}}
2026-01-27 20:37:19,924 - agent.ContradictionDetectionAgent - INFO - Agent operation: {'agent': 'ContradictionDetectionAgent', 'operation': 'contradiction_detection_complete', 'details': {'contradictions_found': 0, 'pairs_analyzed': 1}}
2026-01-27 20:37:19,924 - AutonomousResearchSystem - INFO - Stage 6: Research Gap Detection
2026-01-27 20:37:19,925 - agent.ResearchGapDetectionAgent - INFO - Agent operation: {'agent': 'ResearchGapDetectionAgent', 'operation': 'research_gap_detection_start', 'details': {'subtopics': 0, 'claims': 2}}
2026-01-27 20:37:19,929 - agent.ResearchGapDetectionAgent - INFO - Agent operation: {'agent': 'ResearchGapDetectionAgent', 'operation': 'research_gap_detection_complete', 'details': {'total_gaps': 12, 'coverage_gaps': 0, 'methodological_gaps': 6, 'dataset_gaps': 0}}
2026-01-27 20:37:19,930 - AutonomousResearchSystem - INFO - Stage 7: Citation Building
2026-01-27 20:37:19,930 - agent.CitationBuilderAgent - INFO - Agent operation: {'agent': 'CitationBuilderAgent', 'operation': 'citation_building_start', 'details': {'paper_count': 47}}
2026-01-27 20:37:19,939 - agent.CitationBuilderAgent - INFO - Agent operation: {'agent': 'CitationBuilderAgent', 'operation': 'citation_building_complete', 'details': {'citations_generated': 47}}
2026-01-27 20:37:19,940 - AutonomousResearchSystem - INFO - Stage 8: Storing in Long-term Memory
2026-01-27 20:37:19,952 - AutonomousResearchSystem - INFO - Research results stored in long-term memory
2026-01-27 20:37:19,953 - AutonomousResearchSystem - INFO - Research completed in 1.93 seconds
2026-01-27 20:37:19,987 - werkzeug - INFO - 127.0.0.1 - - [27/Jan/2026 20:37:19] "POST /research HTTP/1.1" 200 -
2026-01-27 20:54:50,331 - AutonomousResearchSystem - INFO - Autonomous Research System initialized
2026-01-27 20:54:50,332 - werkzeug - INFO - 127.0.0.1 - - [27/Jan/2026 20:54:50] "GET /test HTTP/1.1" 200 -
2026-01-27 20:55:11,206 - werkzeug - INFO -  * Detected change in 'C:\\Users\\ASUS\\Documents\\Research\\test_research_request.py', reloading
2026-01-27 20:55:22,235 - AutonomousResearchSystem - INFO - Autonomous Research System initialized
2026-01-27 20:55:22,236 - AutonomousResearchSystem - INFO - Starting autonomous research on topic: machine learning
2026-01-27 20:55:22,236 - AutonomousResearchSystem - INFO - Stage 1: Topic Expansion
2026-01-27 20:55:22,237 - agent.TopicExpansionAgent - INFO - Agent operation: {'agent': 'TopicExpansionAgent', 'operation': 'topic_expansion_start', 'details': {'topic': 'machine learning'}}
2026-01-27 20:55:22,241 - agent.TopicExpansionAgent - INFO - Agent operation: {'agent': 'TopicExpansionAgent', 'operation': 'topic_expansion_complete', 'details': {'subtopics_count': 0, 'methods_count': 2, 'keywords_count': 8}}
2026-01-27 20:55:22,242 - AutonomousResearchSystem - INFO - Stage 2: Paper Discovery
2026-01-27 20:55:22,243 - agent.EnhancedPaperDiscoveryAgent - INFO - Agent operation: {'agent': 'EnhancedPaperDiscoveryAgent', 'operation': 'enhanced_paper_discovery_start', 'details': {'main_topic': 'machine learning', 'keywords_count': 8, 'enabled_sources': ['arxiv', 'semantic_scholar', 'crossref', 'pubmed']}}
2026-01-27 20:55:22,508 - agent.EnhancedPaperDiscoveryAgent - WARNING - Semantic Scholar API returned 429
2026-01-27 20:55:24,235 - agent.EnhancedPaperDiscoveryAgent - INFO - Agent operation: {'agent': 'EnhancedPaperDiscoveryAgent', 'operation': 'enhanced_paper_discovery_complete', 'details': {'total_papers': 68, 'source_counts': {'arxiv': 12, 'semantic_scholar': 0, 'crossref': 50, 'pubmed': 10}, 'unique_papers': 68}}
2026-01-27 20:55:24,237 - AutonomousResearchSystem - INFO - Stage 3: Claim Extraction
2026-01-27 20:55:24,239 - agent.ClaimExtractionAgent - INFO - Agent operation: {'agent': 'ClaimExtractionAgent', 'operation': 'claim_extraction_start', 'details': {'paper_count': 68}}
2026-01-27 20:55:24,267 - agent.ClaimExtractionAgent - INFO - Agent operation: {'agent': 'ClaimExtractionAgent', 'operation': 'claim_extraction_complete', 'details': {'total_claims': 6, 'papers_processed': 68}}
2026-01-27 20:55:24,267 - AutonomousResearchSystem - INFO - Stage 4: Claim Normalization & Verification
2026-01-27 20:55:24,269 - agent.ClaimNormalizationAgent - INFO - Agent operation: {'agent': 'ClaimNormalizationAgent', 'operation': 'claim_normalization_start', 'details': {'claim_count': 6}}
2026-01-27 20:55:24,272 - agent.ClaimNormalizationAgent - WARNING - Failed to normalize claim arxiv_1902.02647_abstract_242_1769527524.247221: list index out of range
2026-01-27 20:55:24,274 - agent.ClaimNormalizationAgent - WARNING - Failed to normalize claim arxiv_2405.09021_abstract_363_1769527524.251635: list index out of range
2026-01-27 20:55:24,274 - agent.ClaimNormalizationAgent - WARNING - Failed to normalize claim arxiv_2501.10924_abstract_123_1769527524.254629: list index out of range
2026-01-27 20:55:24,275 - agent.ClaimNormalizationAgent - WARNING - Failed to normalize claim arxiv_1710.10776_abstract_110_1769527524.259921: list index out of range
2026-01-27 20:55:24,275 - agent.ClaimNormalizationAgent - WARNING - Failed to normalize claim arxiv_2002.11045_abstract_175_1769527524.261921: list index out of range
2026-01-27 20:55:24,276 - agent.ClaimNormalizationAgent - WARNING - Failed to normalize claim arxiv_2004.05439_abstract_151_1769527524.26392: list index out of range
2026-01-27 20:55:24,277 - agent.ClaimNormalizationAgent - INFO - Agent operation: {'agent': 'ClaimNormalizationAgent', 'operation': 'claim_normalization_complete', 'details': {'normalized_count': 6, 'avg_confidence': 0.3}}
2026-01-27 20:55:24,277 - AutonomousResearchSystem - INFO - Stage 5: Contradiction Detection
2026-01-27 20:55:24,277 - agent.ContradictionDetectionAgent - INFO - Agent operation: {'agent': 'ContradictionDetectionAgent', 'operation': 'contradiction_detection_start', 'details': {'claim_count': 6}}
2026-01-27 20:55:24,279 - agent.ContradictionDetectionAgent - INFO - Agent operation: {'agent': 'ContradictionDetectionAgent', 'operation': 'contradiction_detection_complete', 'details': {'contradictions_found': 0, 'pairs_analyzed': 15}}
2026-01-27 20:55:24,279 - AutonomousResearchSystem - INFO - Stage 6: Research Gap Detection
2026-01-27 20:55:24,280 - agent.ResearchGapDetectionAgent - INFO - Agent operation: {'agent': 'ResearchGapDetectionAgent', 'operation': 'research_gap_detection_start', 'details': {'subtopics': 0, 'claims': 6}}
2026-01-27 20:55:24,281 - agent.ResearchGapDetectionAgent - INFO - Agent operation: {'agent': 'ResearchGapDetectionAgent', 'operation': 'research_gap_detection_complete', 'details': {'total_gaps': 14, 'coverage_gaps': 2, 'methodological_gaps': 6, 'dataset_gaps': 0}}
2026-01-27 20:55:24,282 - AutonomousResearchSystem - INFO - Stage 7: Citation Building
2026-01-27 20:55:24,282 - agent.CitationBuilderAgent - INFO - Agent operation: {'agent': 'CitationBuilderAgent', 'operation': 'citation_building_start', 'details': {'paper_count': 68}}
2026-01-27 20:55:24,285 - agent.CitationBuilderAgent - INFO - Agent operation: {'agent': 'CitationBuilderAgent', 'operation': 'citation_building_complete', 'details': {'citations_generated': 68}}
2026-01-27 20:55:24,285 - AutonomousResearchSystem - INFO - Stage 8: Storing in Long-term Memory
2026-01-27 20:55:24,292 - AutonomousResearchSystem - INFO - Research results stored in long-term memory
2026-01-27 20:55:24,292 - AutonomousResearchSystem - INFO - Research completed in 2.06 seconds
2026-01-27 20:55:24,309 - werkzeug - INFO - 127.0.0.1 - - [27/Jan/2026 20:55:24] "POST /research HTTP/1.1" 200 -
2026-01-27 20:55:47,508 - werkzeug - INFO -  * Detected change in 'C:\\Users\\ASUS\\Documents\\Research\\app_fixed.py', reloading
2026-01-27 21:01:08,449 - AutonomousResearchSystem - INFO - Autonomous Research System initialized
2026-01-27 21:01:08,450 - AutonomousResearchSystem - INFO - Starting autonomous research on topic: cyclic bipartite graph
2026-01-27 21:01:08,450 - AutonomousResearchSystem - INFO - Stage 1: Topic Expansion
2026-01-27 21:01:08,451 - agent.TopicExpansionAgent - INFO - Agent operation: {'agent': 'TopicExpansionAgent', 'operation': 'topic_expansion_start', 'details': {'topic': 'cyclic bipartite graph'}}
2026-01-27 21:01:08,452 - agent.TopicExpansionAgent - INFO - Agent operation: {'agent': 'TopicExpansionAgent', 'operation': 'topic_expansion_complete', 'details': {'subtopics_count': 0, 'methods_count': 2, 'keywords_count': 9}}
2026-01-27 21:01:08,453 - AutonomousResearchSystem - INFO - Stage 2: Paper Discovery
2026-01-27 21:01:08,453 - agent.EnhancedPaperDiscoveryAgent - INFO - Agent operation: {'agent': 'EnhancedPaperDiscoveryAgent', 'operation': 'enhanced_paper_discovery_start', 'details': {'main_topic': 'cyclic bipartite graph', 'keywords_count': 9, 'enabled_sources': ['arxiv', 'semantic_scholar', 'crossref', 'pubmed']}}
2026-01-27 21:01:08,722 - agent.EnhancedPaperDiscoveryAgent - WARNING - Semantic Scholar API returned 429
2026-01-27 21:01:10,277 - agent.EnhancedPaperDiscoveryAgent - INFO - Agent operation: {'agent': 'EnhancedPaperDiscoveryAgent', 'operation': 'enhanced_paper_discovery_complete', 'details': {'total_papers': 47, 'source_counts': {'arxiv': 0, 'semantic_scholar': 0, 'crossref': 50, 'pubmed': 0}, 'unique_papers': 47}}
2026-01-27 21:01:10,279 - AutonomousResearchSystem - INFO - Stage 3: Claim Extraction
2026-01-27 21:01:10,281 - agent.ClaimExtractionAgent - INFO - Agent operation: {'agent': 'ClaimExtractionAgent', 'operation': 'claim_extraction_start', 'details': {'paper_count': 47}}
2026-01-27 21:01:10,295 - agent.ClaimExtractionAgent - INFO - Agent operation: {'agent': 'ClaimExtractionAgent', 'operation': 'claim_extraction_complete', 'details': {'total_claims': 1, 'papers_processed': 47}}
2026-01-27 21:01:10,295 - AutonomousResearchSystem - INFO - Stage 4: Claim Normalization & Verification
2026-01-27 21:01:10,296 - agent.ClaimNormalizationAgent - INFO - Agent operation: {'agent': 'ClaimNormalizationAgent', 'operation': 'claim_normalization_start', 'details': {'claim_count': 1}}
2026-01-27 21:01:10,309 - agent.ClaimNormalizationAgent - INFO - Agent operation: {'agent': 'ClaimNormalizationAgent', 'operation': 'claim_normalization_complete', 'details': {'normalized_count': 1, 'avg_confidence': 0.6}}
2026-01-27 21:01:10,310 - AutonomousResearchSystem - INFO - Stage 5: Contradiction Detection
2026-01-27 21:01:10,310 - agent.ContradictionDetectionAgent - INFO - Agent operation: {'agent': 'ContradictionDetectionAgent', 'operation': 'contradiction_detection_start', 'details': {'claim_count': 1}}
2026-01-27 21:01:10,312 - agent.ContradictionDetectionAgent - INFO - Agent operation: {'agent': 'ContradictionDetectionAgent', 'operation': 'contradiction_detection_complete', 'details': {'contradictions_found': 0, 'pairs_analyzed': 0}}
2026-01-27 21:01:10,312 - AutonomousResearchSystem - INFO - Stage 6: Research Gap Detection
2026-01-27 21:01:10,313 - agent.ResearchGapDetectionAgent - INFO - Agent operation: {'agent': 'ResearchGapDetectionAgent', 'operation': 'research_gap_detection_start', 'details': {'subtopics': 0, 'claims': 1}}
2026-01-27 21:01:10,317 - agent.ResearchGapDetectionAgent - INFO - Agent operation: {'agent': 'ResearchGapDetectionAgent', 'operation': 'research_gap_detection_complete', 'details': {'total_gaps': 20, 'coverage_gaps': 2, 'methodological_gaps': 6, 'dataset_gaps': 6}}
2026-01-27 21:01:10,319 - AutonomousResearchSystem - INFO - Stage 7: Citation Building
2026-01-27 21:01:10,319 - agent.CitationBuilderAgent - INFO - Agent operation: {'agent': 'CitationBuilderAgent', 'operation': 'citation_building_start', 'details': {'paper_count': 47}}
2026-01-27 21:01:10,326 - agent.CitationBuilderAgent - INFO - Agent operation: {'agent': 'CitationBuilderAgent', 'operation': 'citation_building_complete', 'details': {'citations_generated': 47}}
2026-01-27 21:01:10,327 - AutonomousResearchSystem - INFO - Stage 8: Storing in Long-term Memory
2026-01-27 21:01:10,338 - AutonomousResearchSystem - INFO - Research results stored in long-term memory
2026-01-27 21:01:10,338 - AutonomousResearchSystem - INFO - Research completed in 1.89 seconds
2026-01-27 21:01:10,365 - werkzeug - INFO - 127.0.0.1 - - [27/Jan/2026 21:01:10] "POST /research HTTP/1.1" 200 -
2026-01-27 21:01:48,713 - AutonomousResearchSystem - INFO - Starting autonomous research on topic: ed
2026-01-27 21:01:48,714 - AutonomousResearchSystem - INFO - Stage 1: Topic Expansion
2026-01-27 21:01:48,715 - agent.TopicExpansionAgent - INFO - Agent operation: {'agent': 'TopicExpansionAgent', 'operation': 'topic_expansion_start', 'details': {'topic': 'ed'}}
2026-01-27 21:01:48,717 - agent.TopicExpansionAgent - INFO - Agent operation: {'agent': 'TopicExpansionAgent', 'operation': 'topic_expansion_complete', 'details': {'subtopics_count': 0, 'methods_count': 0, 'keywords_count': 0}}
2026-01-27 21:01:48,717 - AutonomousResearchSystem - INFO - Stage 2: Paper Discovery
2026-01-27 21:01:48,718 - agent.EnhancedPaperDiscoveryAgent - INFO - Agent operation: {'agent': 'EnhancedPaperDiscoveryAgent', 'operation': 'enhanced_paper_discovery_start', 'details': {'main_topic': 'ed', 'keywords_count': 0, 'enabled_sources': ['arxiv', 'semantic_scholar', 'crossref', 'pubmed']}}
2026-01-27 21:01:49,481 - agent.EnhancedPaperDiscoveryAgent - WARNING - Semantic Scholar API returned 429
2026-01-27 21:01:50,116 - agent.EnhancedPaperDiscoveryAgent - INFO - Agent operation: {'agent': 'EnhancedPaperDiscoveryAgent', 'operation': 'enhanced_paper_discovery_complete', 'details': {'total_papers': 97, 'source_counts': {'arxiv': 50, 'semantic_scholar': 0, 'crossref': 50, 'pubmed': 10}, 'unique_papers': 97}}
2026-01-27 21:01:50,120 - AutonomousResearchSystem - INFO - Stage 3: Claim Extraction
2026-01-27 21:01:50,121 - agent.ClaimExtractionAgent - INFO - Agent operation: {'agent': 'ClaimExtractionAgent', 'operation': 'claim_extraction_start', 'details': {'paper_count': 97}}
2026-01-27 21:01:50,198 - agent.ClaimExtractionAgent - INFO - Agent operation: {'agent': 'ClaimExtractionAgent', 'operation': 'claim_extraction_complete', 'details': {'total_claims': 25, 'papers_processed': 97}}
2026-01-27 21:01:50,199 - AutonomousResearchSystem - INFO - Stage 4: Claim Normalization & Verification
2026-01-27 21:01:50,199 - agent.ClaimNormalizationAgent - INFO - Agent operation: {'agent': 'ClaimNormalizationAgent', 'operation': 'claim_normalization_start', 'details': {'claim_count': 25}}
2026-01-27 21:01:50,200 - agent.ClaimNormalizationAgent - WARNING - Failed to normalize claim arxiv_2501.14785_abstract_120_1769527910.123395: list index out of range
2026-01-27 21:01:50,201 - agent.ClaimNormalizationAgent - WARNING - Failed to normalize claim arxiv_2505.14765_abstract_181_1769527910.12541: list index out of range
2026-01-27 21:01:50,202 - agent.ClaimNormalizationAgent - WARNING - Failed to normalize claim arxiv_2505.21339_abstract_145_1769527910.128101: list index out of range
2026-01-27 21:01:50,203 - agent.ClaimNormalizationAgent - WARNING - Failed to normalize claim arxiv_2412.03096_abstract_137_1769527910.132117: list index out of range
2026-01-27 21:01:50,206 - agent.ClaimNormalizationAgent - WARNING - Failed to normalize claim arxiv_2407.06797_abstract_174_1769527910.134472: list index out of range
2026-01-27 21:01:50,208 - agent.ClaimNormalizationAgent - WARNING - Failed to normalize claim arxiv_2408.06779_abstract_254_1769527910.138588: list index out of range
2026-01-27 21:01:50,209 - agent.ClaimNormalizationAgent - WARNING - Failed to normalize claim arxiv_2408.06779_abstract_125_1769527910.139489: list index out of range
2026-01-27 21:01:50,210 - agent.ClaimNormalizationAgent - WARNING - Failed to normalize claim arxiv_2404.11604_abstract_83_1769527910.145608: list index out of range
2026-01-27 21:01:50,211 - agent.ClaimNormalizationAgent - WARNING - Failed to normalize claim arxiv_2406.01432_abstract_262_1769527910.147601: list index out of range
2026-01-27 21:01:50,212 - agent.ClaimNormalizationAgent - WARNING - Failed to normalize claim arxiv_2310.02712_abstract_121_1769527910.151603: list index out of range
2026-01-27 21:01:50,213 - agent.ClaimNormalizationAgent - WARNING - Failed to normalize claim arxiv_2310.02712_abstract_216_1769527910.151603: list index out of range
2026-01-27 21:01:50,214 - agent.ClaimNormalizationAgent - WARNING - Failed to normalize claim arxiv_2310.02712_abstract_133_1769527910.151603: list index out of range
2026-01-27 21:01:50,215 - agent.ClaimNormalizationAgent - WARNING - Failed to normalize claim arxiv_2310.02712_abstract_166_1769527910.151603: list index out of range
2026-01-27 21:01:50,216 - agent.ClaimNormalizationAgent - WARNING - Failed to normalize claim arxiv_2304.03427_abstract_155_1769527910.157778: list index out of range
2026-01-27 21:01:50,217 - agent.ClaimNormalizationAgent - WARNING - Failed to normalize claim arxiv_2304.03427_abstract_183_1769527910.159059: list index out of range
2026-01-27 21:01:50,218 - agent.ClaimNormalizationAgent - WARNING - Failed to normalize claim arxiv_2110.13769_abstract_247_1769527910.167226: list index out of range
2026-01-27 21:01:50,219 - agent.ClaimNormalizationAgent - WARNING - Failed to normalize claim arxiv_1812.05465_abstract_190_1769527910.176227: list index out of range
2026-01-27 21:01:50,220 - agent.ClaimNormalizationAgent - WARNING - Failed to normalize claim arxiv_1905.05956_abstract_118_1769527910.177228: list index out of range
2026-01-27 21:01:50,221 - agent.ClaimNormalizationAgent - WARNING - Failed to normalize claim arxiv_2207.06680_abstract_106_1769527910.185231: list index out of range
2026-01-27 21:01:50,222 - agent.ClaimNormalizationAgent - WARNING - Failed to normalize claim arxiv_2207.06680_abstract_159_1769527910.186243: list index out of range
2026-01-27 21:01:50,223 - agent.ClaimNormalizationAgent - WARNING - Failed to normalize claim arxiv_1804.10336_abstract_190_1769527910.187329: list index out of range
2026-01-27 21:01:50,225 - agent.ClaimNormalizationAgent - WARNING - Failed to normalize claim arxiv_1804.10336_abstract_206_1769527910.188332: list index out of range
2026-01-27 21:01:50,226 - agent.ClaimNormalizationAgent - WARNING - Failed to normalize claim arxiv_0709.1106_abstract_126_1769527910.191632: list index out of range
2026-01-27 21:01:50,227 - agent.ClaimNormalizationAgent - WARNING - Failed to normalize claim arxiv_1301.6401_abstract_71_1769527910.193757: list index out of range
2026-01-27 21:01:50,228 - agent.ClaimNormalizationAgent - WARNING - Failed to normalize claim arxiv_1301.6401_abstract_141_1769527910.193757: list index out of range
2026-01-27 21:01:50,232 - agent.ClaimNormalizationAgent - INFO - Agent operation: {'agent': 'ClaimNormalizationAgent', 'operation': 'claim_normalization_complete', 'details': {'normalized_count': 25, 'avg_confidence': 0.3019999999999999}}
2026-01-27 21:01:50,232 - AutonomousResearchSystem - INFO - Stage 5: Contradiction Detection
2026-01-27 21:01:50,233 - agent.ContradictionDetectionAgent - INFO - Agent operation: {'agent': 'ContradictionDetectionAgent', 'operation': 'contradiction_detection_start', 'details': {'claim_count': 25}}
2026-01-27 21:01:50,251 - agent.ContradictionDetectionAgent - INFO - Agent operation: {'agent': 'ContradictionDetectionAgent', 'operation': 'contradiction_detection_complete', 'details': {'contradictions_found': 0, 'pairs_analyzed': 300}}
2026-01-27 21:01:50,251 - AutonomousResearchSystem - INFO - Stage 6: Research Gap Detection
2026-01-27 21:01:50,252 - agent.ResearchGapDetectionAgent - INFO - Agent operation: {'agent': 'ResearchGapDetectionAgent', 'operation': 'research_gap_detection_start', 'details': {'subtopics': 0, 'claims': 25}}
2026-01-27 21:01:50,254 - agent.ResearchGapDetectionAgent - INFO - Agent operation: {'agent': 'ResearchGapDetectionAgent', 'operation': 'research_gap_detection_complete', 'details': {'total_gaps': 12, 'coverage_gaps': 0, 'methodological_gaps': 6, 'dataset_gaps': 0}}
2026-01-27 21:01:50,255 - AutonomousResearchSystem - INFO - Stage 7: Citation Building
2026-01-27 21:01:50,257 - agent.CitationBuilderAgent - INFO - Agent operation: {'agent': 'CitationBuilderAgent', 'operation': 'citation_building_start', 'details': {'paper_count': 97}}
2026-01-27 21:01:50,267 - agent.CitationBuilderAgent - INFO - Agent operation: {'agent': 'CitationBuilderAgent', 'operation': 'citation_building_complete', 'details': {'citations_generated': 97}}
2026-01-27 21:01:50,268 - AutonomousResearchSystem - INFO - Stage 8: Storing in Long-term Memory
2026-01-27 21:01:50,282 - AutonomousResearchSystem - INFO - Research results stored in long-term memory
2026-01-27 21:01:50,282 - AutonomousResearchSystem - INFO - Research completed in 1.57 seconds
2026-01-27 21:01:50,327 - werkzeug - INFO - 127.0.0.1 - - [27/Jan/2026 21:01:50] "POST /research HTTP/1.1" 200 -
2026-01-27 21:01:52,798 - AutonomousResearchSystem - INFO - Starting autonomous research on topic: edge metric basis
2026-01-27 21:01:52,798 - AutonomousResearchSystem - INFO - Stage 1: Topic Expansion
2026-01-27 21:01:52,799 - agent.TopicExpansionAgent - INFO - Agent operation: {'agent': 'TopicExpansionAgent', 'operation': 'topic_expansion_start', 'details': {'topic': 'edge metric basis'}}
2026-01-27 21:01:52,801 - agent.TopicExpansionAgent - INFO - Agent operation: {'agent': 'TopicExpansionAgent', 'operation': 'topic_expansion_complete', 'details': {'subtopics_count': 0, 'methods_count': 0, 'keywords_count': 3}}
2026-01-27 21:01:52,804 - AutonomousResearchSystem - INFO - Stage 2: Paper Discovery
2026-01-27 21:01:52,805 - agent.EnhancedPaperDiscoveryAgent - INFO - Agent operation: {'agent': 'EnhancedPaperDiscoveryAgent', 'operation': 'enhanced_paper_discovery_start', 'details': {'main_topic': 'edge metric basis', 'keywords_count': 3, 'enabled_sources': ['arxiv', 'semantic_scholar', 'crossref', 'pubmed']}}
2026-01-27 21:01:54,115 - agent.EnhancedPaperDiscoveryAgent - WARNING - Error parsing Semantic Scholar paper: 1 validation error for PaperMetadata
year
  Input should be a valid integer [type=int_type, input_value=None, input_type=NoneType]
    For further information visit https://errors.pydantic.dev/2.12/v/int_type
2026-01-27 21:01:54,928 - agent.EnhancedPaperDiscoveryAgent - INFO - Agent operation: {'agent': 'EnhancedPaperDiscoveryAgent', 'operation': 'enhanced_paper_discovery_complete', 'details': {'total_papers': 91, 'source_counts': {'arxiv': 1, 'semantic_scholar': 49, 'crossref': 50, 'pubmed': 0}, 'unique_papers': 91}}
2026-01-27 21:01:54,931 - AutonomousResearchSystem - INFO - Stage 3: Claim Extraction
2026-01-27 21:01:54,932 - agent.ClaimExtractionAgent - INFO - Agent operation: {'agent': 'ClaimExtractionAgent', 'operation': 'claim_extraction_start', 'details': {'paper_count': 91}}
2026-01-27 21:01:54,986 - agent.ClaimExtractionAgent - INFO - Agent operation: {'agent': 'ClaimExtractionAgent', 'operation': 'claim_extraction_complete', 'details': {'total_claims': 8, 'papers_processed': 91}}
2026-01-27 21:01:54,987 - AutonomousResearchSystem - INFO - Stage 4: Claim Normalization & Verification
2026-01-27 21:01:54,987 - agent.ClaimNormalizationAgent - INFO - Agent operation: {'agent': 'ClaimNormalizationAgent', 'operation': 'claim_normalization_start', 'details': {'claim_count': 8}}
2026-01-27 21:01:54,988 - agent.ClaimNormalizationAgent - WARNING - Failed to normalize claim 10_1080_00268976_2023_2259508_abstract_191_1769527914.937694: list index out of range
2026-01-27 21:01:54,989 - agent.ClaimNormalizationAgent - WARNING - Failed to normalize claim 10_1007_s10476-024-00006-z_abstract_178_1769527914.953582: list index out of range
2026-01-27 21:01:54,991 - agent.ClaimNormalizationAgent - WARNING - Failed to normalize claim 10_1371_journal_pone_0296897_abstract_229_1769527914.954588: list index out of range
2026-01-27 21:01:54,992 - agent.ClaimNormalizationAgent - WARNING - Failed to normalize claim 10_1109_TON_2025_3601104_abstract_122_1769527914.957448: list index out of range
2026-01-27 21:01:54,993 - agent.ClaimNormalizationAgent - WARNING - Failed to normalize claim 10_30812_matrik_v23i3_3961_abstract_80_1769527914.966277: list index out of range
2026-01-27 21:01:54,994 - agent.ClaimNormalizationAgent - WARNING - Failed to normalize claim 10_48550_arXiv_2312_07048_abstract_208_1769527914.972274: list index out of range
2026-01-27 21:01:54,995 - agent.ClaimNormalizationAgent - WARNING - Failed to normalize claim 10_1145_3679240_3734632_abstract_217_1769527914.978668: list index out of range
2026-01-27 21:01:54,998 - agent.ClaimNormalizationAgent - INFO - Agent operation: {'agent': 'ClaimNormalizationAgent', 'operation': 'claim_normalization_complete', 'details': {'normalized_count': 8, 'avg_confidence': 0.3375}}
2026-01-27 21:01:54,998 - AutonomousResearchSystem - INFO - Stage 5: Contradiction Detection
2026-01-27 21:01:54,998 - agent.ContradictionDetectionAgent - INFO - Agent operation: {'agent': 'ContradictionDetectionAgent', 'operation': 'contradiction_detection_start', 'details': {'claim_count': 8}}
2026-01-27 21:01:55,000 - agent.ContradictionDetectionAgent - INFO - Agent operation: {'agent': 'ContradictionDetectionAgent', 'operation': 'contradiction_detection_complete', 'details': {'contradictions_found': 0, 'pairs_analyzed': 28}}
2026-01-27 21:01:55,001 - AutonomousResearchSystem - INFO - Stage 6: Research Gap Detection
2026-01-27 21:01:55,002 - agent.ResearchGapDetectionAgent - INFO - Agent operation: {'agent': 'ResearchGapDetectionAgent', 'operation': 'research_gap_detection_start', 'details': {'subtopics': 0, 'claims': 8}}
2026-01-27 21:01:55,004 - agent.ResearchGapDetectionAgent - INFO - Agent operation: {'agent': 'ResearchGapDetectionAgent', 'operation': 'research_gap_detection_complete', 'details': {'total_gaps': 12, 'coverage_gaps': 0, 'methodological_gaps': 6, 'dataset_gaps': 0}}
2026-01-27 21:01:55,004 - AutonomousResearchSystem - INFO - Stage 7: Citation Building
2026-01-27 21:01:55,005 - agent.CitationBuilderAgent - INFO - Agent operation: {'agent': 'CitationBuilderAgent', 'operation': 'citation_building_start', 'details': {'paper_count': 91}}
2026-01-27 21:01:55,020 - agent.CitationBuilderAgent - INFO - Agent operation: {'agent': 'CitationBuilderAgent', 'operation': 'citation_building_complete', 'details': {'citations_generated': 91}}
2026-01-27 21:01:55,021 - AutonomousResearchSystem - INFO - Stage 8: Storing in Long-term Memory
2026-01-27 21:01:55,034 - AutonomousResearchSystem - INFO - Research results stored in long-term memory
2026-01-27 21:01:55,034 - AutonomousResearchSystem - INFO - Research completed in 2.24 seconds
2026-01-27 21:01:55,077 - werkzeug - INFO - 127.0.0.1 - - [27/Jan/2026 21:01:55] "POST /research HTTP/1.1" 200 -
2026-01-27 21:05:37,614 - werkzeug - INFO - 127.0.0.1 - - [27/Jan/2026 21:05:37] "GET /test HTTP/1.1" 200 -
2026-01-27 21:05:42,607 - werkzeug - INFO - 127.0.0.1 - - [27/Jan/2026 21:05:42] "[33mGET /citation HTTP/1.1[0m" 404 -
